2025-05-22 13:07:38,892 - data_analyzer.anomaly_detector - INFO - Khởi tạo AnomalyDetector với ngưỡng 2.5
2025-05-22 13:07:38,907 - data_analyzer.anomaly_detector - INFO - Đã phát hiện 3 bất thường Volume cho BTCUSDT
2025-05-22 13:07:38,918 - data_analyzer.anomaly_detector - INFO - Đã phát hiện 0 bất thường Open Interest cho BTCUSDT
2025-05-22 13:07:38,948 - data_analyzer.anomaly_detector - INFO - Tổng số bất thường đã phát hiện cho BTCUSDT: 3
2025-05-22 13:07:38,961 - data_analyzer.anomaly_detector - INFO - Đã phát hiện 1 bất thường Volume cho ETHUSDT
2025-05-22 13:07:38,971 - data_analyzer.anomaly_detector - INFO - Đã phát hiện 0 bất thường Open Interest cho ETHUSDT
2025-05-22 13:07:38,989 - data_analyzer.anomaly_detector - INFO - Tổng số bất thường đã phát hiện cho ETHUSDT: 1
2025-05-22 13:07:39,001 - data_analyzer.anomaly_detector - INFO - Đã phát hiện 4 bất thường Volume cho BNBUSDT
2025-05-22 13:07:39,012 - data_analyzer.anomaly_detector - INFO - Đã phát hiện 0 bất thường Open Interest cho BNBUSDT
2025-05-22 13:07:39,040 - data_analyzer.anomaly_detector - INFO - Tổng số bất thường đã phát hiện cho BNBUSDT: 4
2025-05-22 13:07:39,053 - data_analyzer.anomaly_detector - INFO - Đã phát hiện 1 bất thường Volume cho SOLUSDT
2025-05-22 13:07:39,062 - data_analyzer.anomaly_detector - INFO - Đã phát hiện 1 bất thường Open Interest cho SOLUSDT
2025-05-22 13:07:39,084 - data_analyzer.anomaly_detector - INFO - Tổng số bất thường đã phát hiện cho SOLUSDT: 2
2025-05-22 13:07:39,096 - data_analyzer.anomaly_detector - INFO - Đã phát hiện 2 bất thường Volume cho DOGEUSDT
2025-05-22 13:07:39,113 - data_analyzer.anomaly_detector - INFO - Đã phát hiện 0 bất thường Open Interest cho DOGEUSDT
2025-05-22 13:07:39,136 - data_analyzer.anomaly_detector - INFO - Tổng số bất thường đã phát hiện cho DOGEUSDT: 2
2025-05-22 13:19:33,419 - data_analyzer.anomaly_detector - INFO - Khởi tạo AnomalyDetector với ngưỡng 2.5
2025-05-22 13:19:33,436 - data_analyzer.anomaly_detector - INFO - Đã phát hiện 3 bất thường Volume cho BTCUSDT
2025-05-22 13:19:33,447 - data_analyzer.anomaly_detector - INFO - Đã phát hiện 0 bất thường Open Interest cho BTCUSDT
2025-05-22 13:19:33,477 - data_analyzer.anomaly_detector - INFO - Tổng số bất thường đã phát hiện cho BTCUSDT: 3
2025-05-22 13:19:33,491 - data_analyzer.anomaly_detector - INFO - Đã phát hiện 1 bất thường Volume cho ETHUSDT
2025-05-22 13:19:33,501 - data_analyzer.anomaly_detector - INFO - Đã phát hiện 0 bất thường Open Interest cho ETHUSDT
2025-05-22 13:19:33,520 - data_analyzer.anomaly_detector - INFO - Tổng số bất thường đã phát hiện cho ETHUSDT: 1
2025-05-22 13:19:33,539 - data_analyzer.anomaly_detector - INFO - Đã phát hiện 4 bất thường Volume cho BNBUSDT
2025-05-22 13:19:33,549 - data_analyzer.anomaly_detector - INFO - Đã phát hiện 0 bất thường Open Interest cho BNBUSDT
2025-05-22 13:19:33,580 - data_analyzer.anomaly_detector - INFO - Tổng số bất thường đã phát hiện cho BNBUSDT: 4
2025-05-22 13:19:33,592 - data_analyzer.anomaly_detector - INFO - Đã phát hiện 1 bất thường Volume cho SOLUSDT
2025-05-22 13:19:33,602 - data_analyzer.anomaly_detector - INFO - Đã phát hiện 1 bất thường Open Interest cho SOLUSDT
2025-05-22 13:19:33,623 - data_analyzer.anomaly_detector - INFO - Tổng số bất thường đã phát hiện cho SOLUSDT: 2
2025-05-22 13:19:33,635 - data_analyzer.anomaly_detector - INFO - Đã phát hiện 2 bất thường Volume cho DOGEUSDT
2025-05-22 13:19:33,645 - data_analyzer.anomaly_detector - INFO - Đã phát hiện 0 bất thường Open Interest cho DOGEUSDT
2025-05-22 13:19:33,667 - data_analyzer.anomaly_detector - INFO - Tổng số bất thường đã phát hiện cho DOGEUSDT: 2
