2025-05-22 14:02:36,683 - data_collector.binance_api - INFO - Khởi tạo Binance API
2025-05-22 14:02:37,352 - data_collector.binance_api - INFO - Đã lấy thời gian máy chủ Binance: 1747897357289
2025-05-22 14:02:37,854 - data_collector.binance_api - INFO - Đã lấy thời gian máy chủ Binance: 1747897357791
2025-05-22 14:02:37,856 - data_collector.binance_api - INFO - Request klines cho BTCUSDT: từ 2025-05-15 14:02:37.289000 đến 2025-05-16 14:02:37.289000
2025-05-22 14:02:39,478 - data_collector.binance_api - INFO - Đã lấy thời gian máy chủ Binance: 1747897359421
2025-05-22 14:02:39,478 - data_collector.binance_api - INFO - Request klines cho BTCUSDT: từ 2025-05-16 14:02:37.289000 đến 2025-05-17 14:02:37.289000
2025-05-22 14:02:41,079 - data_collector.binance_api - INFO - Đã lấy thời gian máy chủ Binance: 1747897361016
2025-05-22 14:02:41,079 - data_collector.binance_api - INFO - Request klines cho BTCUSDT: từ 2025-05-17 14:02:37.289000 đến 2025-05-18 14:02:37.289000
2025-05-22 14:02:42,683 - data_collector.binance_api - INFO - Đã lấy thời gian máy chủ Binance: 1747897362619
2025-05-22 14:02:42,684 - data_collector.binance_api - INFO - Request klines cho BTCUSDT: từ 2025-05-18 14:02:37.289000 đến 2025-05-19 14:02:37.289000
2025-05-22 14:02:44,252 - data_collector.binance_api - INFO - Đã lấy thời gian máy chủ Binance: 1747897364189
2025-05-22 14:02:44,252 - data_collector.binance_api - INFO - Request klines cho BTCUSDT: từ 2025-05-19 14:02:37.289000 đến 2025-05-20 14:02:37.289000
2025-05-22 14:02:45,733 - data_collector.binance_api - INFO - Đã lấy thời gian máy chủ Binance: 1747897365671
2025-05-22 14:02:45,734 - data_collector.binance_api - INFO - Request klines cho BTCUSDT: từ 2025-05-20 14:02:37.289000 đến 2025-05-21 14:02:37.289000
2025-05-22 14:02:47,346 - data_collector.binance_api - INFO - Đã lấy thời gian máy chủ Binance: 1747897367289
2025-05-22 14:02:47,346 - data_collector.binance_api - INFO - Request klines cho BTCUSDT: từ 2025-05-21 14:02:37.289000 đến 2025-05-22 14:02:37.289000
2025-05-22 14:02:48,861 - data_collector.binance_api - INFO - Đã lấy thời gian máy chủ Binance: 1747897368812
2025-05-22 14:02:48,861 - data_collector.binance_api - INFO - Request klines cho BTCUSDT: từ 2025-05-15 14:02:37.289000 đến 2025-05-16 14:02:37.289000
2025-05-22 14:02:50,444 - data_collector.binance_api - INFO - Đã lấy thời gian máy chủ Binance: 1747897370382
2025-05-22 14:02:50,445 - data_collector.binance_api - INFO - Request klines cho BTCUSDT: từ 2025-05-16 14:02:37.289000 đến 2025-05-17 14:02:37.289000
2025-05-22 14:02:52,177 - data_collector.binance_api - INFO - Đã lấy thời gian máy chủ Binance: 1747897372114
2025-05-22 14:02:52,178 - data_collector.binance_api - INFO - Request klines cho BTCUSDT: từ 2025-05-17 14:02:37.289000 đến 2025-05-18 14:02:37.289000
2025-05-22 14:02:53,746 - data_collector.binance_api - INFO - Đã lấy thời gian máy chủ Binance: 1747897373683
2025-05-22 14:02:53,747 - data_collector.binance_api - INFO - Request klines cho BTCUSDT: từ 2025-05-18 14:02:37.289000 đến 2025-05-19 14:02:37.289000
2025-05-22 14:02:55,367 - data_collector.binance_api - INFO - Đã lấy thời gian máy chủ Binance: 1747897375305
2025-05-22 14:02:55,367 - data_collector.binance_api - INFO - Request klines cho BTCUSDT: từ 2025-05-19 14:02:37.289000 đến 2025-05-20 14:02:37.289000
2025-05-22 14:02:56,961 - data_collector.binance_api - INFO - Đã lấy thời gian máy chủ Binance: 1747897376898
2025-05-22 14:02:56,962 - data_collector.binance_api - INFO - Request klines cho BTCUSDT: từ 2025-05-20 14:02:37.289000 đến 2025-05-21 14:02:37.289000
2025-05-22 14:02:58,530 - data_collector.binance_api - INFO - Đã lấy thời gian máy chủ Binance: 1747897378466
2025-05-22 14:02:58,531 - data_collector.binance_api - INFO - Request klines cho BTCUSDT: từ 2025-05-21 14:02:37.289000 đến 2025-05-22 14:02:37.289000
2025-05-22 14:03:00,150 - data_collector.binance_api - INFO - Đã lấy thời gian máy chủ Binance: 1747897380086
2025-05-22 14:03:00,151 - data_collector.binance_api - INFO - Request klines cho BTCUSDT: từ 2025-05-15 14:02:37.289000 đến 2025-05-16 14:02:37.289000
2025-05-22 14:03:01,734 - data_collector.binance_api - INFO - Đã lấy thời gian máy chủ Binance: 1747897381669
2025-05-22 14:03:01,735 - data_collector.binance_api - INFO - Request klines cho BTCUSDT: từ 2025-05-16 14:02:37.289000 đến 2025-05-17 14:02:37.289000
2025-05-22 14:03:03,527 - data_collector.binance_api - INFO - Đã lấy thời gian máy chủ Binance: 1747897383464
2025-05-22 14:03:03,528 - data_collector.binance_api - INFO - Request klines cho BTCUSDT: từ 2025-05-17 14:02:37.289000 đến 2025-05-18 14:02:37.289000
2025-05-22 14:03:05,104 - data_collector.binance_api - INFO - Đã lấy thời gian máy chủ Binance: 1747897385043
2025-05-22 14:03:05,105 - data_collector.binance_api - INFO - Request klines cho BTCUSDT: từ 2025-05-18 14:02:37.289000 đến 2025-05-19 14:02:37.289000
2025-05-22 14:03:06,544 - data_collector.binance_api - INFO - Đã lấy thời gian máy chủ Binance: 1747897386481
2025-05-22 14:03:06,546 - data_collector.binance_api - INFO - Request klines cho BTCUSDT: từ 2025-05-19 14:02:37.289000 đến 2025-05-20 14:02:37.289000
2025-05-22 14:03:08,083 - data_collector.binance_api - INFO - Đã lấy thời gian máy chủ Binance: 1747897388020
2025-05-22 14:03:08,084 - data_collector.binance_api - INFO - Request klines cho BTCUSDT: từ 2025-05-20 14:02:37.289000 đến 2025-05-21 14:02:37.289000
2025-05-22 14:03:09,739 - data_collector.binance_api - INFO - Đã lấy thời gian máy chủ Binance: 1747897389675
2025-05-22 14:03:09,739 - data_collector.binance_api - INFO - Request klines cho BTCUSDT: từ 2025-05-21 14:02:37.289000 đến 2025-05-22 14:02:37.289000
2025-05-22 14:03:11,315 - data_collector.binance_api - INFO - Đã lấy thời gian máy chủ Binance: 1747897391260
2025-05-22 14:03:11,315 - data_collector.binance_api - INFO - Request klines cho ETHUSDT: từ 2025-05-15 14:02:37.289000 đến 2025-05-16 14:02:37.289000
2025-05-22 14:03:12,800 - data_collector.binance_api - INFO - Đã lấy thời gian máy chủ Binance: 1747897392745
2025-05-22 14:03:12,800 - data_collector.binance_api - INFO - Request klines cho ETHUSDT: từ 2025-05-16 14:02:37.289000 đến 2025-05-17 14:02:37.289000
2025-05-22 14:03:14,436 - data_collector.binance_api - INFO - Đã lấy thời gian máy chủ Binance: 1747897394374
2025-05-22 14:03:14,438 - data_collector.binance_api - INFO - Request klines cho ETHUSDT: từ 2025-05-17 14:02:37.289000 đến 2025-05-18 14:02:37.289000
2025-05-22 14:03:15,928 - data_collector.binance_api - INFO - Đã lấy thời gian máy chủ Binance: 1747897395863
2025-05-22 14:03:15,929 - data_collector.binance_api - INFO - Request klines cho ETHUSDT: từ 2025-05-18 14:02:37.289000 đến 2025-05-19 14:02:37.289000
2025-05-22 14:03:17,426 - data_collector.binance_api - INFO - Đã lấy thời gian máy chủ Binance: 1747897397363
2025-05-22 14:03:17,426 - data_collector.binance_api - INFO - Request klines cho ETHUSDT: từ 2025-05-19 14:02:37.289000 đến 2025-05-20 14:02:37.289000
2025-05-22 14:03:18,888 - data_collector.binance_api - INFO - Đã lấy thời gian máy chủ Binance: 1747897398825
2025-05-22 14:03:18,889 - data_collector.binance_api - INFO - Request klines cho ETHUSDT: từ 2025-05-20 14:02:37.289000 đến 2025-05-21 14:02:37.289000
2025-05-22 14:03:20,331 - data_collector.binance_api - INFO - Đã lấy thời gian máy chủ Binance: 1747897400274
2025-05-22 14:03:20,331 - data_collector.binance_api - INFO - Request klines cho ETHUSDT: từ 2025-05-21 14:02:37.289000 đến 2025-05-22 14:02:37.289000
2025-05-22 14:03:21,844 - data_collector.binance_api - INFO - Đã lấy thời gian máy chủ Binance: 1747897401782
2025-05-22 14:03:21,845 - data_collector.binance_api - INFO - Request klines cho ETHUSDT: từ 2025-05-15 14:02:37.289000 đến 2025-05-16 14:02:37.289000
2025-05-22 14:03:23,300 - data_collector.binance_api - INFO - Đã lấy thời gian máy chủ Binance: 1747897403243
2025-05-22 14:03:23,300 - data_collector.binance_api - INFO - Request klines cho ETHUSDT: từ 2025-05-16 14:02:37.289000 đến 2025-05-17 14:02:37.289000
2025-05-22 14:03:24,773 - data_collector.binance_api - INFO - Đã lấy thời gian máy chủ Binance: 1747897404710
2025-05-22 14:03:24,774 - data_collector.binance_api - INFO - Request klines cho ETHUSDT: từ 2025-05-17 14:02:37.289000 đến 2025-05-18 14:02:37.289000
2025-05-22 14:03:26,237 - data_collector.binance_api - INFO - Đã lấy thời gian máy chủ Binance: 1747897406178
2025-05-22 14:03:26,237 - data_collector.binance_api - INFO - Request klines cho ETHUSDT: từ 2025-05-18 14:02:37.289000 đến 2025-05-19 14:02:37.289000
2025-05-22 14:03:27,741 - data_collector.binance_api - INFO - Đã lấy thời gian máy chủ Binance: 1747897407678
2025-05-22 14:03:27,742 - data_collector.binance_api - INFO - Request klines cho ETHUSDT: từ 2025-05-19 14:02:37.289000 đến 2025-05-20 14:02:37.289000
2025-05-22 14:03:29,370 - data_collector.binance_api - INFO - Đã lấy thời gian máy chủ Binance: 1747897409306
2025-05-22 14:03:29,371 - data_collector.binance_api - INFO - Request klines cho ETHUSDT: từ 2025-05-20 14:02:37.289000 đến 2025-05-21 14:02:37.289000
2025-05-22 14:03:30,826 - data_collector.binance_api - INFO - Đã lấy thời gian máy chủ Binance: 1747897410762
2025-05-22 14:03:30,828 - data_collector.binance_api - INFO - Request klines cho ETHUSDT: từ 2025-05-21 14:02:37.289000 đến 2025-05-22 14:02:37.289000
2025-05-22 14:03:32,343 - data_collector.binance_api - INFO - Đã lấy thời gian máy chủ Binance: 1747897412280
2025-05-22 14:03:32,344 - data_collector.binance_api - INFO - Request klines cho ETHUSDT: từ 2025-05-15 14:02:37.289000 đến 2025-05-16 14:02:37.289000
2025-05-22 14:03:33,801 - data_collector.binance_api - INFO - Đã lấy thời gian máy chủ Binance: 1747897413739
2025-05-22 14:03:33,801 - data_collector.binance_api - INFO - Request klines cho ETHUSDT: từ 2025-05-16 14:02:37.289000 đến 2025-05-17 14:02:37.289000
2025-05-22 14:03:35,269 - data_collector.binance_api - INFO - Đã lấy thời gian máy chủ Binance: 1747897415211
2025-05-22 14:03:35,269 - data_collector.binance_api - INFO - Request klines cho ETHUSDT: từ 2025-05-17 14:02:37.289000 đến 2025-05-18 14:02:37.289000
2025-05-22 14:03:36,862 - data_collector.binance_api - INFO - Đã lấy thời gian máy chủ Binance: 1747897416808
2025-05-22 14:03:36,862 - data_collector.binance_api - INFO - Request klines cho ETHUSDT: từ 2025-05-18 14:02:37.289000 đến 2025-05-19 14:02:37.289000
2025-05-22 14:03:38,344 - data_collector.binance_api - INFO - Đã lấy thời gian máy chủ Binance: 1747897418279
2025-05-22 14:03:38,345 - data_collector.binance_api - INFO - Request klines cho ETHUSDT: từ 2025-05-19 14:02:37.289000 đến 2025-05-20 14:02:37.289000
2025-05-22 14:03:39,777 - data_collector.binance_api - INFO - Đã lấy thời gian máy chủ Binance: 1747897419713
2025-05-22 14:03:39,777 - data_collector.binance_api - INFO - Request klines cho ETHUSDT: từ 2025-05-20 14:02:37.289000 đến 2025-05-21 14:02:37.289000
2025-05-22 14:03:41,338 - data_collector.binance_api - INFO - Đã lấy thời gian máy chủ Binance: 1747897421277
2025-05-22 14:03:41,339 - data_collector.binance_api - INFO - Request klines cho ETHUSDT: từ 2025-05-21 14:02:37.289000 đến 2025-05-22 14:02:37.289000
2025-05-22 14:03:42,871 - data_collector.binance_api - INFO - Đã lấy thời gian máy chủ Binance: 1747897422809
2025-05-22 14:03:42,872 - data_collector.binance_api - INFO - Request klines cho BNBUSDT: từ 2025-05-15 14:02:37.289000 đến 2025-05-16 14:02:37.289000
2025-05-22 14:03:44,444 - data_collector.binance_api - INFO - Đã lấy thời gian máy chủ Binance: 1747897424396
2025-05-22 14:03:44,444 - data_collector.binance_api - INFO - Request klines cho BNBUSDT: từ 2025-05-16 14:02:37.289000 đến 2025-05-17 14:02:37.289000
2025-05-22 14:03:46,065 - data_collector.binance_api - INFO - Đã lấy thời gian máy chủ Binance: 1747897426000
2025-05-22 14:03:46,066 - data_collector.binance_api - INFO - Request klines cho BNBUSDT: từ 2025-05-17 14:02:37.289000 đến 2025-05-18 14:02:37.289000
2025-05-22 14:03:47,676 - data_collector.binance_api - INFO - Đã lấy thời gian máy chủ Binance: 1747897427610
2025-05-22 14:03:47,677 - data_collector.binance_api - INFO - Request klines cho BNBUSDT: từ 2025-05-18 14:02:37.289000 đến 2025-05-19 14:02:37.289000
2025-05-22 14:03:49,350 - data_collector.binance_api - INFO - Đã lấy thời gian máy chủ Binance: 1747897429285
2025-05-22 14:03:49,351 - data_collector.binance_api - INFO - Request klines cho BNBUSDT: từ 2025-05-19 14:02:37.289000 đến 2025-05-20 14:02:37.289000
2025-05-22 14:03:50,932 - data_collector.binance_api - INFO - Đã lấy thời gian máy chủ Binance: 1747897430869
2025-05-22 14:03:50,933 - data_collector.binance_api - INFO - Request klines cho BNBUSDT: từ 2025-05-20 14:02:37.289000 đến 2025-05-21 14:02:37.289000
2025-05-22 14:03:52,780 - data_collector.binance_api - INFO - Đã lấy thời gian máy chủ Binance: 1747897432716
2025-05-22 14:03:52,780 - data_collector.binance_api - INFO - Request klines cho BNBUSDT: từ 2025-05-21 14:02:37.289000 đến 2025-05-22 14:02:37.289000
2025-05-22 14:03:54,395 - data_collector.binance_api - INFO - Đã lấy thời gian máy chủ Binance: 1747897434334
2025-05-22 14:03:54,395 - data_collector.binance_api - INFO - Request klines cho BNBUSDT: từ 2025-05-15 14:02:37.289000 đến 2025-05-16 14:02:37.289000
2025-05-22 14:03:55,879 - data_collector.binance_api - INFO - Đã lấy thời gian máy chủ Binance: 1747897435816
2025-05-22 14:03:55,880 - data_collector.binance_api - INFO - Request klines cho BNBUSDT: từ 2025-05-16 14:02:37.289000 đến 2025-05-17 14:02:37.289000
2025-05-22 14:03:57,531 - data_collector.binance_api - INFO - Đã lấy thời gian máy chủ Binance: 1747897437472
2025-05-22 14:03:57,531 - data_collector.binance_api - INFO - Request klines cho BNBUSDT: từ 2025-05-17 14:02:37.289000 đến 2025-05-18 14:02:37.289000
2025-05-22 14:03:59,125 - data_collector.binance_api - INFO - Đã lấy thời gian máy chủ Binance: 1747897439061
2025-05-22 14:03:59,125 - data_collector.binance_api - INFO - Request klines cho BNBUSDT: từ 2025-05-18 14:02:37.289000 đến 2025-05-19 14:02:37.289000
2025-05-22 14:04:00,586 - data_collector.binance_api - INFO - Đã lấy thời gian máy chủ Binance: 1747897440522
2025-05-22 14:04:00,586 - data_collector.binance_api - INFO - Request klines cho BNBUSDT: từ 2025-05-19 14:02:37.289000 đến 2025-05-20 14:02:37.289000
2025-05-22 14:04:02,435 - data_collector.binance_api - INFO - Đã lấy thời gian máy chủ Binance: 1747897442372
2025-05-22 14:04:02,435 - data_collector.binance_api - INFO - Request klines cho BNBUSDT: từ 2025-05-20 14:02:37.289000 đến 2025-05-21 14:02:37.289000
2025-05-22 14:04:03,966 - data_collector.binance_api - INFO - Đã lấy thời gian máy chủ Binance: 1747897443901
2025-05-22 14:04:03,967 - data_collector.binance_api - INFO - Request klines cho BNBUSDT: từ 2025-05-21 14:02:37.289000 đến 2025-05-22 14:02:37.289000
2025-05-22 14:04:05,539 - data_collector.binance_api - INFO - Đã lấy thời gian máy chủ Binance: 1747897445475
2025-05-22 14:04:05,540 - data_collector.binance_api - INFO - Request klines cho BNBUSDT: từ 2025-05-15 14:02:37.289000 đến 2025-05-16 14:02:37.289000
2025-05-22 14:04:07,277 - data_collector.binance_api - INFO - Đã lấy thời gian máy chủ Binance: 1747897447215
2025-05-22 14:04:07,277 - data_collector.binance_api - INFO - Request klines cho BNBUSDT: từ 2025-05-16 14:02:37.289000 đến 2025-05-17 14:02:37.289000
2025-05-22 14:04:08,905 - data_collector.binance_api - INFO - Đã lấy thời gian máy chủ Binance: 1747897448840
2025-05-22 14:04:08,906 - data_collector.binance_api - INFO - Request klines cho BNBUSDT: từ 2025-05-17 14:02:37.289000 đến 2025-05-18 14:02:37.289000
2025-05-22 14:04:10,467 - data_collector.binance_api - INFO - Đã lấy thời gian máy chủ Binance: 1747897450394
2025-05-22 14:04:10,468 - data_collector.binance_api - INFO - Request klines cho BNBUSDT: từ 2025-05-18 14:02:37.289000 đến 2025-05-19 14:02:37.289000
2025-05-22 14:04:12,149 - data_collector.binance_api - INFO - Đã lấy thời gian máy chủ Binance: 1747897452086
2025-05-22 14:04:12,150 - data_collector.binance_api - INFO - Request klines cho BNBUSDT: từ 2025-05-19 14:02:37.289000 đến 2025-05-20 14:02:37.289000
2025-05-22 14:04:13,687 - data_collector.binance_api - INFO - Đã lấy thời gian máy chủ Binance: 1747897453623
2025-05-22 14:04:13,688 - data_collector.binance_api - INFO - Request klines cho BNBUSDT: từ 2025-05-20 14:02:37.289000 đến 2025-05-21 14:02:37.289000
2025-05-22 14:04:15,332 - data_collector.binance_api - INFO - Đã lấy thời gian máy chủ Binance: 1747897455274
2025-05-22 14:04:15,332 - data_collector.binance_api - INFO - Request klines cho BNBUSDT: từ 2025-05-21 14:02:37.289000 đến 2025-05-22 14:02:37.289000
2025-05-22 14:04:17,016 - data_collector.binance_api - INFO - Đã lấy thời gian máy chủ Binance: 1747897456952
2025-05-22 14:04:17,017 - data_collector.binance_api - INFO - Request klines cho SOLUSDT: từ 2025-05-15 14:02:37.289000 đến 2025-05-16 14:02:37.289000
2025-05-22 14:04:18,660 - data_collector.binance_api - INFO - Đã lấy thời gian máy chủ Binance: 1747897458599
2025-05-22 14:04:18,660 - data_collector.binance_api - INFO - Request klines cho SOLUSDT: từ 2025-05-16 14:02:37.289000 đến 2025-05-17 14:02:37.289000
2025-05-22 14:04:20,153 - data_collector.binance_api - INFO - Đã lấy thời gian máy chủ Binance: 1747897460092
2025-05-22 14:04:20,154 - data_collector.binance_api - INFO - Request klines cho SOLUSDT: từ 2025-05-17 14:02:37.289000 đến 2025-05-18 14:02:37.289000
2025-05-22 14:04:21,710 - data_collector.binance_api - INFO - Đã lấy thời gian máy chủ Binance: 1747897461649
2025-05-22 14:04:21,710 - data_collector.binance_api - INFO - Request klines cho SOLUSDT: từ 2025-05-18 14:02:37.289000 đến 2025-05-19 14:02:37.289000
2025-05-22 14:04:23,395 - data_collector.binance_api - INFO - Đã lấy thời gian máy chủ Binance: 1747897463332
2025-05-22 14:04:23,396 - data_collector.binance_api - INFO - Request klines cho SOLUSDT: từ 2025-05-19 14:02:37.289000 đến 2025-05-20 14:02:37.289000
2025-05-22 14:04:24,839 - data_collector.binance_api - INFO - Đã lấy thời gian máy chủ Binance: 1747897464775
2025-05-22 14:04:24,840 - data_collector.binance_api - INFO - Request klines cho SOLUSDT: từ 2025-05-20 14:02:37.289000 đến 2025-05-21 14:02:37.289000
2025-05-22 14:04:26,459 - data_collector.binance_api - INFO - Đã lấy thời gian máy chủ Binance: 1747897466396
2025-05-22 14:04:26,459 - data_collector.binance_api - INFO - Request klines cho SOLUSDT: từ 2025-05-21 14:02:37.289000 đến 2025-05-22 14:02:37.289000
2025-05-22 14:04:28,167 - data_collector.binance_api - INFO - Đã lấy thời gian máy chủ Binance: 1747897468104
2025-05-22 14:04:28,168 - data_collector.binance_api - INFO - Request klines cho SOLUSDT: từ 2025-05-15 14:02:37.289000 đến 2025-05-16 14:02:37.289000
2025-05-22 14:04:29,744 - data_collector.binance_api - INFO - Đã lấy thời gian máy chủ Binance: 1747897469680
2025-05-22 14:04:29,745 - data_collector.binance_api - INFO - Request klines cho SOLUSDT: từ 2025-05-16 14:02:37.289000 đến 2025-05-17 14:02:37.289000
2025-05-22 14:04:31,266 - data_collector.binance_api - INFO - Đã lấy thời gian máy chủ Binance: 1747897471204
2025-05-22 14:04:31,267 - data_collector.binance_api - INFO - Request klines cho SOLUSDT: từ 2025-05-17 14:02:37.289000 đến 2025-05-18 14:02:37.289000
2025-05-22 14:04:32,894 - data_collector.binance_api - INFO - Đã lấy thời gian máy chủ Binance: 1747897472830
2025-05-22 14:04:32,895 - data_collector.binance_api - INFO - Request klines cho SOLUSDT: từ 2025-05-18 14:02:37.289000 đến 2025-05-19 14:02:37.289000
2025-05-22 14:04:34,455 - data_collector.binance_api - INFO - Đã lấy thời gian máy chủ Binance: 1747897474393
2025-05-22 14:04:34,455 - data_collector.binance_api - INFO - Request klines cho SOLUSDT: từ 2025-05-19 14:02:37.289000 đến 2025-05-20 14:02:37.289000
2025-05-22 14:04:36,050 - data_collector.binance_api - INFO - Đã lấy thời gian máy chủ Binance: 1747897475995
2025-05-22 14:04:36,060 - data_collector.binance_api - INFO - Request klines cho SOLUSDT: từ 2025-05-20 14:02:37.289000 đến 2025-05-21 14:02:37.289000
2025-05-22 14:04:37,619 - data_collector.binance_api - INFO - Đã lấy thời gian máy chủ Binance: 1747897477558
2025-05-22 14:04:37,620 - data_collector.binance_api - INFO - Request klines cho SOLUSDT: từ 2025-05-21 14:02:37.289000 đến 2025-05-22 14:02:37.289000
2025-05-22 14:04:39,224 - data_collector.binance_api - INFO - Đã lấy thời gian máy chủ Binance: 1747897479161
2025-05-22 14:04:39,224 - data_collector.binance_api - INFO - Request klines cho SOLUSDT: từ 2025-05-15 14:02:37.289000 đến 2025-05-16 14:02:37.289000
2025-05-22 14:04:40,864 - data_collector.binance_api - INFO - Đã lấy thời gian máy chủ Binance: 1747897480805
2025-05-22 14:04:40,864 - data_collector.binance_api - INFO - Request klines cho SOLUSDT: từ 2025-05-16 14:02:37.289000 đến 2025-05-17 14:02:37.289000
2025-05-22 14:04:42,408 - data_collector.binance_api - INFO - Đã lấy thời gian máy chủ Binance: 1747897482345
2025-05-22 14:04:42,409 - data_collector.binance_api - INFO - Request klines cho SOLUSDT: từ 2025-05-17 14:02:37.289000 đến 2025-05-18 14:02:37.289000
2025-05-22 14:04:43,897 - data_collector.binance_api - INFO - Đã lấy thời gian máy chủ Binance: 1747897483839
2025-05-22 14:04:43,897 - data_collector.binance_api - INFO - Request klines cho SOLUSDT: từ 2025-05-18 14:02:37.289000 đến 2025-05-19 14:02:37.289000
2025-05-22 14:04:45,464 - data_collector.binance_api - INFO - Đã lấy thời gian máy chủ Binance: 1747897485403
2025-05-22 14:04:45,465 - data_collector.binance_api - INFO - Request klines cho SOLUSDT: từ 2025-05-19 14:02:37.289000 đến 2025-05-20 14:02:37.289000
2025-05-22 14:04:47,144 - data_collector.binance_api - INFO - Đã lấy thời gian máy chủ Binance: 1747897487089
2025-05-22 14:04:47,144 - data_collector.binance_api - INFO - Request klines cho SOLUSDT: từ 2025-05-20 14:02:37.289000 đến 2025-05-21 14:02:37.289000
2025-05-22 14:04:48,733 - data_collector.binance_api - INFO - Đã lấy thời gian máy chủ Binance: 1747897488671
2025-05-22 14:04:48,734 - data_collector.binance_api - INFO - Request klines cho SOLUSDT: từ 2025-05-21 14:02:37.289000 đến 2025-05-22 14:02:37.289000
2025-05-22 14:04:50,277 - data_collector.binance_api - INFO - Đã lấy thời gian máy chủ Binance: 1747897490220
2025-05-22 14:04:50,277 - data_collector.binance_api - INFO - Request klines cho DOGEUSDT: từ 2025-05-15 14:02:37.289000 đến 2025-05-16 14:02:37.289000
2025-05-22 14:04:51,842 - data_collector.binance_api - INFO - Đã lấy thời gian máy chủ Binance: 1747897491779
2025-05-22 14:04:51,843 - data_collector.binance_api - INFO - Request klines cho DOGEUSDT: từ 2025-05-16 14:02:37.289000 đến 2025-05-17 14:02:37.289000
2025-05-22 14:04:53,454 - data_collector.binance_api - INFO - Đã lấy thời gian máy chủ Binance: 1747897493390
2025-05-22 14:04:53,455 - data_collector.binance_api - INFO - Request klines cho DOGEUSDT: từ 2025-05-17 14:02:37.289000 đến 2025-05-18 14:02:37.289000
2025-05-22 14:04:55,018 - data_collector.binance_api - INFO - Đã lấy thời gian máy chủ Binance: 1747897494956
2025-05-22 14:04:55,019 - data_collector.binance_api - INFO - Request klines cho DOGEUSDT: từ 2025-05-18 14:02:37.289000 đến 2025-05-19 14:02:37.289000
2025-05-22 14:04:56,592 - data_collector.binance_api - INFO - Đã lấy thời gian máy chủ Binance: 1747897496529
2025-05-22 14:04:56,593 - data_collector.binance_api - INFO - Request klines cho DOGEUSDT: từ 2025-05-19 14:02:37.289000 đến 2025-05-20 14:02:37.289000
2025-05-22 14:04:58,140 - data_collector.binance_api - INFO - Đã lấy thời gian máy chủ Binance: 1747897498081
2025-05-22 14:04:58,140 - data_collector.binance_api - INFO - Request klines cho DOGEUSDT: từ 2025-05-20 14:02:37.289000 đến 2025-05-21 14:02:37.289000
2025-05-22 14:04:59,611 - data_collector.binance_api - INFO - Đã lấy thời gian máy chủ Binance: 1747897499548
2025-05-22 14:04:59,612 - data_collector.binance_api - INFO - Request klines cho DOGEUSDT: từ 2025-05-21 14:02:37.289000 đến 2025-05-22 14:02:37.289000
2025-05-22 14:05:01,295 - data_collector.binance_api - INFO - Đã lấy thời gian máy chủ Binance: 1747897501234
2025-05-22 14:05:01,295 - data_collector.binance_api - INFO - Request klines cho DOGEUSDT: từ 2025-05-15 14:02:37.289000 đến 2025-05-16 14:02:37.289000
2025-05-22 14:05:02,912 - data_collector.binance_api - INFO - Đã lấy thời gian máy chủ Binance: 1747897502842
2025-05-22 14:05:02,913 - data_collector.binance_api - INFO - Request klines cho DOGEUSDT: từ 2025-05-16 14:02:37.289000 đến 2025-05-17 14:02:37.289000
2025-05-22 14:05:04,545 - data_collector.binance_api - INFO - Đã lấy thời gian máy chủ Binance: 1747897504480
2025-05-22 14:05:04,546 - data_collector.binance_api - INFO - Request klines cho DOGEUSDT: từ 2025-05-17 14:02:37.289000 đến 2025-05-18 14:02:37.289000
2025-05-22 14:05:06,194 - data_collector.binance_api - INFO - Đã lấy thời gian máy chủ Binance: 1747897506136
2025-05-22 14:05:06,194 - data_collector.binance_api - INFO - Request klines cho DOGEUSDT: từ 2025-05-18 14:02:37.289000 đến 2025-05-19 14:02:37.289000
2025-05-22 14:05:07,828 - data_collector.binance_api - INFO - Đã lấy thời gian máy chủ Binance: 1747897507764
2025-05-22 14:05:07,829 - data_collector.binance_api - INFO - Request klines cho DOGEUSDT: từ 2025-05-19 14:02:37.289000 đến 2025-05-20 14:02:37.289000
2025-05-22 14:05:09,492 - data_collector.binance_api - INFO - Đã lấy thời gian máy chủ Binance: 1747897509429
2025-05-22 14:05:09,493 - data_collector.binance_api - INFO - Request klines cho DOGEUSDT: từ 2025-05-20 14:02:37.289000 đến 2025-05-21 14:02:37.289000
2025-05-22 14:05:11,065 - data_collector.binance_api - INFO - Đã lấy thời gian máy chủ Binance: 1747897511011
2025-05-22 14:05:11,065 - data_collector.binance_api - INFO - Request klines cho DOGEUSDT: từ 2025-05-21 14:02:37.289000 đến 2025-05-22 14:02:37.289000
2025-05-22 14:05:12,765 - data_collector.binance_api - INFO - Đã lấy thời gian máy chủ Binance: 1747897512706
2025-05-22 14:05:12,765 - data_collector.binance_api - INFO - Request klines cho DOGEUSDT: từ 2025-05-15 14:02:37.289000 đến 2025-05-16 14:02:37.289000
2025-05-22 14:05:14,306 - data_collector.binance_api - INFO - Đã lấy thời gian máy chủ Binance: 1747897514243
2025-05-22 14:05:14,306 - data_collector.binance_api - INFO - Request klines cho DOGEUSDT: từ 2025-05-16 14:02:37.289000 đến 2025-05-17 14:02:37.289000
2025-05-22 14:05:15,891 - data_collector.binance_api - INFO - Đã lấy thời gian máy chủ Binance: 1747897515842
2025-05-22 14:05:15,906 - data_collector.binance_api - INFO - Request klines cho DOGEUSDT: từ 2025-05-17 14:02:37.289000 đến 2025-05-18 14:02:37.289000
2025-05-22 14:05:17,540 - data_collector.binance_api - INFO - Đã lấy thời gian máy chủ Binance: 1747897517482
2025-05-22 14:05:17,540 - data_collector.binance_api - INFO - Request klines cho DOGEUSDT: từ 2025-05-18 14:02:37.289000 đến 2025-05-19 14:02:37.289000
2025-05-22 14:05:19,145 - data_collector.binance_api - INFO - Đã lấy thời gian máy chủ Binance: 1747897519082
2025-05-22 14:05:19,146 - data_collector.binance_api - INFO - Request klines cho DOGEUSDT: từ 2025-05-19 14:02:37.289000 đến 2025-05-20 14:02:37.289000
2025-05-22 14:05:20,705 - data_collector.binance_api - INFO - Đã lấy thời gian máy chủ Binance: 1747897520650
2025-05-22 14:05:20,705 - data_collector.binance_api - INFO - Request klines cho DOGEUSDT: từ 2025-05-20 14:02:37.289000 đến 2025-05-21 14:02:37.289000
2025-05-22 14:05:22,409 - data_collector.binance_api - INFO - Đã lấy thời gian máy chủ Binance: 1747897522348
2025-05-22 14:05:22,409 - data_collector.binance_api - INFO - Request klines cho DOGEUSDT: từ 2025-05-21 14:02:37.289000 đến 2025-05-22 14:02:37.289000
2025-05-22 14:05:23,927 - data_collector.binance_api - INFO - Đã lấy thời gian máy chủ Binance: 1747897523879
2025-05-22 14:05:24,945 - data_collector.binance_api - INFO - Đã lấy thời gian máy chủ Binance: 1747897524882
2025-05-22 14:05:24,946 - data_collector.binance_api - WARNING - start_time quá xa trong quá khứ, đã điều chỉnh giới hạn 7 ngày
2025-05-22 14:05:24,947 - data_collector.binance_api - INFO - Sử dụng startTime = 1747292724882 (2025-05-15 14:05:24.882000) cho symbol BTCUSDT
2025-05-22 14:05:24,947 - data_collector.binance_api - INFO - Sử dụng endTime = 1747379123879 (2025-05-16 14:05:23.879000) cho symbol BTCUSDT
2025-05-22 14:05:25,486 - data_collector.binance_api - INFO - Nhận được 24 bản ghi OI cho BTCUSDT
2025-05-22 14:05:26,459 - data_collector.binance_api - INFO - Đã lấy thời gian máy chủ Binance: 1747897526406
2025-05-22 14:05:26,459 - data_collector.binance_api - INFO - Sử dụng startTime = 1747379123879 (2025-05-16 14:05:23.879000) cho symbol BTCUSDT
2025-05-22 14:05:26,459 - data_collector.binance_api - INFO - Sử dụng endTime = 1747465523879 (2025-05-17 14:05:23.879000) cho symbol BTCUSDT
2025-05-22 14:05:27,065 - data_collector.binance_api - INFO - Nhận được 24 bản ghi OI cho BTCUSDT
2025-05-22 14:05:28,063 - data_collector.binance_api - INFO - Đã lấy thời gian máy chủ Binance: 1747897528001
2025-05-22 14:05:28,065 - data_collector.binance_api - INFO - Sử dụng startTime = 1747465523879 (2025-05-17 14:05:23.879000) cho symbol BTCUSDT
2025-05-22 14:05:28,066 - data_collector.binance_api - INFO - Sử dụng endTime = 1747551923879 (2025-05-18 14:05:23.879000) cho symbol BTCUSDT
2025-05-22 14:05:28,651 - data_collector.binance_api - INFO - Nhận được 24 bản ghi OI cho BTCUSDT
2025-05-22 14:05:29,643 - data_collector.binance_api - INFO - Đã lấy thời gian máy chủ Binance: 1747897529583
2025-05-22 14:05:29,643 - data_collector.binance_api - INFO - Sử dụng startTime = 1747551923879 (2025-05-18 14:05:23.879000) cho symbol BTCUSDT
2025-05-22 14:05:29,643 - data_collector.binance_api - INFO - Sử dụng endTime = 1747638323879 (2025-05-19 14:05:23.879000) cho symbol BTCUSDT
2025-05-22 14:05:30,181 - data_collector.binance_api - INFO - Nhận được 24 bản ghi OI cho BTCUSDT
2025-05-22 14:05:31,228 - data_collector.binance_api - INFO - Đã lấy thời gian máy chủ Binance: 1747897531164
2025-05-22 14:05:31,228 - data_collector.binance_api - INFO - Sử dụng startTime = 1747638323879 (2025-05-19 14:05:23.879000) cho symbol BTCUSDT
2025-05-22 14:05:31,228 - data_collector.binance_api - INFO - Sử dụng endTime = 1747724723879 (2025-05-20 14:05:23.879000) cho symbol BTCUSDT
2025-05-22 14:05:31,726 - data_collector.binance_api - INFO - Nhận được 24 bản ghi OI cho BTCUSDT
2025-05-22 14:05:32,744 - data_collector.binance_api - INFO - Đã lấy thời gian máy chủ Binance: 1747897532680
2025-05-22 14:05:32,745 - data_collector.binance_api - INFO - Sử dụng startTime = 1747724723879 (2025-05-20 14:05:23.879000) cho symbol BTCUSDT
2025-05-22 14:05:32,746 - data_collector.binance_api - INFO - Sử dụng endTime = 1747811123879 (2025-05-21 14:05:23.879000) cho symbol BTCUSDT
2025-05-22 14:05:33,341 - data_collector.binance_api - INFO - Nhận được 24 bản ghi OI cho BTCUSDT
2025-05-22 14:05:34,421 - data_collector.binance_api - INFO - Đã lấy thời gian máy chủ Binance: 1747897534360
2025-05-22 14:05:34,421 - data_collector.binance_api - INFO - Sử dụng startTime = 1747811123879 (2025-05-21 14:05:23.879000) cho symbol BTCUSDT
2025-05-22 14:05:34,426 - data_collector.binance_api - INFO - Sử dụng endTime = 1747897523879 (2025-05-22 14:05:23.879000) cho symbol BTCUSDT
2025-05-22 14:05:34,926 - data_collector.binance_api - INFO - Nhận được 24 bản ghi OI cho BTCUSDT
2025-05-22 14:05:36,022 - data_collector.binance_api - INFO - Đã lấy thời gian máy chủ Binance: 1747897535958
2025-05-22 14:05:36,023 - data_collector.binance_api - WARNING - start_time quá xa trong quá khứ, đã điều chỉnh giới hạn 7 ngày
2025-05-22 14:05:36,024 - data_collector.binance_api - INFO - Sử dụng startTime = 1747292735958 (2025-05-15 14:05:35.958000) cho symbol ETHUSDT
2025-05-22 14:05:36,025 - data_collector.binance_api - INFO - Sử dụng endTime = 1747379123879 (2025-05-16 14:05:23.879000) cho symbol ETHUSDT
2025-05-22 14:05:36,533 - data_collector.binance_api - INFO - Nhận được 24 bản ghi OI cho ETHUSDT
2025-05-22 14:05:37,700 - data_collector.binance_api - INFO - Đã lấy thời gian máy chủ Binance: 1747897537638
2025-05-22 14:05:37,700 - data_collector.binance_api - INFO - Sử dụng startTime = 1747379123879 (2025-05-16 14:05:23.879000) cho symbol ETHUSDT
2025-05-22 14:05:37,701 - data_collector.binance_api - INFO - Sử dụng endTime = 1747465523879 (2025-05-17 14:05:23.879000) cho symbol ETHUSDT
2025-05-22 14:05:38,186 - data_collector.binance_api - INFO - Nhận được 24 bản ghi OI cho ETHUSDT
2025-05-22 14:05:39,265 - data_collector.binance_api - INFO - Đã lấy thời gian máy chủ Binance: 1747897539202
2025-05-22 14:05:39,266 - data_collector.binance_api - INFO - Sử dụng startTime = 1747465523879 (2025-05-17 14:05:23.879000) cho symbol ETHUSDT
2025-05-22 14:05:39,267 - data_collector.binance_api - INFO - Sử dụng endTime = 1747551923879 (2025-05-18 14:05:23.879000) cho symbol ETHUSDT
2025-05-22 14:05:39,846 - data_collector.binance_api - INFO - Nhận được 24 bản ghi OI cho ETHUSDT
2025-05-22 14:05:40,929 - data_collector.binance_api - INFO - Đã lấy thời gian máy chủ Binance: 1747897540869
2025-05-22 14:05:40,929 - data_collector.binance_api - INFO - Sử dụng startTime = 1747551923879 (2025-05-18 14:05:23.879000) cho symbol ETHUSDT
2025-05-22 14:05:40,929 - data_collector.binance_api - INFO - Sử dụng endTime = 1747638323879 (2025-05-19 14:05:23.879000) cho symbol ETHUSDT
2025-05-22 14:05:41,455 - data_collector.binance_api - INFO - Nhận được 24 bản ghi OI cho ETHUSDT
2025-05-22 14:05:42,575 - data_collector.binance_api - INFO - Đã lấy thời gian máy chủ Binance: 1747897542515
2025-05-22 14:05:42,575 - data_collector.binance_api - INFO - Sử dụng startTime = 1747638323879 (2025-05-19 14:05:23.879000) cho symbol ETHUSDT
2025-05-22 14:05:42,575 - data_collector.binance_api - INFO - Sử dụng endTime = 1747724723879 (2025-05-20 14:05:23.879000) cho symbol ETHUSDT
2025-05-22 14:05:43,163 - data_collector.binance_api - INFO - Nhận được 24 bản ghi OI cho ETHUSDT
2025-05-22 14:05:44,232 - data_collector.binance_api - INFO - Đã lấy thời gian máy chủ Binance: 1747897544169
2025-05-22 14:05:44,233 - data_collector.binance_api - INFO - Sử dụng startTime = 1747724723879 (2025-05-20 14:05:23.879000) cho symbol ETHUSDT
2025-05-22 14:05:44,234 - data_collector.binance_api - INFO - Sử dụng endTime = 1747811123879 (2025-05-21 14:05:23.879000) cho symbol ETHUSDT
2025-05-22 14:05:44,794 - data_collector.binance_api - INFO - Nhận được 24 bản ghi OI cho ETHUSDT
2025-05-22 14:05:45,867 - data_collector.binance_api - INFO - Đã lấy thời gian máy chủ Binance: 1747897545812
2025-05-22 14:05:45,875 - data_collector.binance_api - INFO - Sử dụng startTime = 1747811123879 (2025-05-21 14:05:23.879000) cho symbol ETHUSDT
2025-05-22 14:05:45,876 - data_collector.binance_api - INFO - Sử dụng endTime = 1747897523879 (2025-05-22 14:05:23.879000) cho symbol ETHUSDT
2025-05-22 14:05:46,342 - data_collector.binance_api - INFO - Nhận được 24 bản ghi OI cho ETHUSDT
2025-05-22 14:05:47,450 - data_collector.binance_api - INFO - Đã lấy thời gian máy chủ Binance: 1747897547387
2025-05-22 14:05:47,451 - data_collector.binance_api - WARNING - start_time quá xa trong quá khứ, đã điều chỉnh giới hạn 7 ngày
2025-05-22 14:05:47,452 - data_collector.binance_api - INFO - Sử dụng startTime = 1747292747387 (2025-05-15 14:05:47.387000) cho symbol BNBUSDT
2025-05-22 14:05:47,453 - data_collector.binance_api - INFO - Sử dụng endTime = 1747379123879 (2025-05-16 14:05:23.879000) cho symbol BNBUSDT
2025-05-22 14:05:48,032 - data_collector.binance_api - INFO - Nhận được 24 bản ghi OI cho BNBUSDT
2025-05-22 14:05:49,115 - data_collector.binance_api - INFO - Đã lấy thời gian máy chủ Binance: 1747897549057
2025-05-22 14:05:49,115 - data_collector.binance_api - INFO - Sử dụng startTime = 1747379123879 (2025-05-16 14:05:23.879000) cho symbol BNBUSDT
2025-05-22 14:05:49,115 - data_collector.binance_api - INFO - Sử dụng endTime = 1747465523879 (2025-05-17 14:05:23.879000) cho symbol BNBUSDT
2025-05-22 14:05:49,693 - data_collector.binance_api - INFO - Nhận được 24 bản ghi OI cho BNBUSDT
2025-05-22 14:05:50,789 - data_collector.binance_api - INFO - Đã lấy thời gian máy chủ Binance: 1747897550727
2025-05-22 14:05:50,790 - data_collector.binance_api - INFO - Sử dụng startTime = 1747465523879 (2025-05-17 14:05:23.879000) cho symbol BNBUSDT
2025-05-22 14:05:50,791 - data_collector.binance_api - INFO - Sử dụng endTime = 1747551923879 (2025-05-18 14:05:23.879000) cho symbol BNBUSDT
2025-05-22 14:05:51,259 - data_collector.binance_api - INFO - Nhận được 24 bản ghi OI cho BNBUSDT
2025-05-22 14:05:52,326 - data_collector.binance_api - INFO - Đã lấy thời gian máy chủ Binance: 1747897552261
2025-05-22 14:05:52,327 - data_collector.binance_api - INFO - Sử dụng startTime = 1747551923879 (2025-05-18 14:05:23.879000) cho symbol BNBUSDT
2025-05-22 14:05:52,328 - data_collector.binance_api - INFO - Sử dụng endTime = 1747638323879 (2025-05-19 14:05:23.879000) cho symbol BNBUSDT
2025-05-22 14:05:52,800 - data_collector.binance_api - INFO - Nhận được 24 bản ghi OI cho BNBUSDT
2025-05-22 14:05:53,793 - data_collector.binance_api - INFO - Đã lấy thời gian máy chủ Binance: 1747897553734
2025-05-22 14:05:53,793 - data_collector.binance_api - INFO - Sử dụng startTime = 1747638323879 (2025-05-19 14:05:23.879000) cho symbol BNBUSDT
2025-05-22 14:05:53,793 - data_collector.binance_api - INFO - Sử dụng endTime = 1747724723879 (2025-05-20 14:05:23.879000) cho symbol BNBUSDT
2025-05-22 14:05:54,370 - data_collector.binance_api - INFO - Nhận được 24 bản ghi OI cho BNBUSDT
2025-05-22 14:05:55,384 - data_collector.binance_api - INFO - Đã lấy thời gian máy chủ Binance: 1747897555320
2025-05-22 14:05:55,385 - data_collector.binance_api - INFO - Sử dụng startTime = 1747724723879 (2025-05-20 14:05:23.879000) cho symbol BNBUSDT
2025-05-22 14:05:55,385 - data_collector.binance_api - INFO - Sử dụng endTime = 1747811123879 (2025-05-21 14:05:23.879000) cho symbol BNBUSDT
2025-05-22 14:05:55,878 - data_collector.binance_api - INFO - Nhận được 24 bản ghi OI cho BNBUSDT
2025-05-22 14:05:57,009 - data_collector.binance_api - INFO - Đã lấy thời gian máy chủ Binance: 1747897556946
2025-05-22 14:05:57,011 - data_collector.binance_api - INFO - Sử dụng startTime = 1747811123879 (2025-05-21 14:05:23.879000) cho symbol BNBUSDT
2025-05-22 14:05:57,012 - data_collector.binance_api - INFO - Sử dụng endTime = 1747897523879 (2025-05-22 14:05:23.879000) cho symbol BNBUSDT
2025-05-22 14:05:57,515 - data_collector.binance_api - INFO - Nhận được 24 bản ghi OI cho BNBUSDT
2025-05-22 14:05:58,503 - data_collector.binance_api - INFO - Đã lấy thời gian máy chủ Binance: 1747897558439
2025-05-22 14:05:58,504 - data_collector.binance_api - WARNING - start_time quá xa trong quá khứ, đã điều chỉnh giới hạn 7 ngày
2025-05-22 14:05:58,504 - data_collector.binance_api - INFO - Sử dụng startTime = 1747292758439 (2025-05-15 14:05:58.439000) cho symbol SOLUSDT
2025-05-22 14:05:58,504 - data_collector.binance_api - INFO - Sử dụng endTime = 1747379123879 (2025-05-16 14:05:23.879000) cho symbol SOLUSDT
2025-05-22 14:05:59,005 - data_collector.binance_api - INFO - Nhận được 24 bản ghi OI cho SOLUSDT
2025-05-22 14:05:59,976 - data_collector.binance_api - INFO - Đã lấy thời gian máy chủ Binance: 1747897559915
2025-05-22 14:05:59,976 - data_collector.binance_api - INFO - Sử dụng startTime = 1747379123879 (2025-05-16 14:05:23.879000) cho symbol SOLUSDT
2025-05-22 14:05:59,976 - data_collector.binance_api - INFO - Sử dụng endTime = 1747465523879 (2025-05-17 14:05:23.879000) cho symbol SOLUSDT
2025-05-22 14:06:00,545 - data_collector.binance_api - INFO - Nhận được 24 bản ghi OI cho SOLUSDT
2025-05-22 14:06:01,573 - data_collector.binance_api - INFO - Đã lấy thời gian máy chủ Binance: 1747897561512
2025-05-22 14:06:01,574 - data_collector.binance_api - INFO - Sử dụng startTime = 1747465523879 (2025-05-17 14:05:23.879000) cho symbol SOLUSDT
2025-05-22 14:06:01,574 - data_collector.binance_api - INFO - Sử dụng endTime = 1747551923879 (2025-05-18 14:05:23.879000) cho symbol SOLUSDT
2025-05-22 14:06:02,164 - data_collector.binance_api - INFO - Nhận được 24 bản ghi OI cho SOLUSDT
2025-05-22 14:06:03,193 - data_collector.binance_api - INFO - Đã lấy thời gian máy chủ Binance: 1747897563131
2025-05-22 14:06:03,194 - data_collector.binance_api - INFO - Sử dụng startTime = 1747551923879 (2025-05-18 14:05:23.879000) cho symbol SOLUSDT
2025-05-22 14:06:03,195 - data_collector.binance_api - INFO - Sử dụng endTime = 1747638323879 (2025-05-19 14:05:23.879000) cho symbol SOLUSDT
2025-05-22 14:06:03,769 - data_collector.binance_api - INFO - Nhận được 24 bản ghi OI cho SOLUSDT
2025-05-22 14:06:04,825 - data_collector.binance_api - INFO - Đã lấy thời gian máy chủ Binance: 1747897564764
2025-05-22 14:06:04,825 - data_collector.binance_api - INFO - Sử dụng startTime = 1747638323879 (2025-05-19 14:05:23.879000) cho symbol SOLUSDT
2025-05-22 14:06:04,825 - data_collector.binance_api - INFO - Sử dụng endTime = 1747724723879 (2025-05-20 14:05:23.879000) cho symbol SOLUSDT
2025-05-22 14:06:05,410 - data_collector.binance_api - INFO - Nhận được 24 bản ghi OI cho SOLUSDT
2025-05-22 14:06:06,394 - data_collector.binance_api - INFO - Đã lấy thời gian máy chủ Binance: 1747897566340
2025-05-22 14:06:06,394 - data_collector.binance_api - INFO - Sử dụng startTime = 1747724723879 (2025-05-20 14:05:23.879000) cho symbol SOLUSDT
2025-05-22 14:06:06,394 - data_collector.binance_api - INFO - Sử dụng endTime = 1747811123879 (2025-05-21 14:05:23.879000) cho symbol SOLUSDT
2025-05-22 14:06:06,920 - data_collector.binance_api - INFO - Nhận được 24 bản ghi OI cho SOLUSDT
2025-05-22 14:06:07,927 - data_collector.binance_api - INFO - Đã lấy thời gian máy chủ Binance: 1747897567864
2025-05-22 14:06:07,928 - data_collector.binance_api - INFO - Sử dụng startTime = 1747811123879 (2025-05-21 14:05:23.879000) cho symbol SOLUSDT
2025-05-22 14:06:07,929 - data_collector.binance_api - INFO - Sử dụng endTime = 1747897523879 (2025-05-22 14:05:23.879000) cho symbol SOLUSDT
2025-05-22 14:06:08,439 - data_collector.binance_api - INFO - Nhận được 24 bản ghi OI cho SOLUSDT
2025-05-22 14:06:09,526 - data_collector.binance_api - INFO - Đã lấy thời gian máy chủ Binance: 1747897569473
2025-05-22 14:06:09,526 - data_collector.binance_api - WARNING - start_time quá xa trong quá khứ, đã điều chỉnh giới hạn 7 ngày
2025-05-22 14:06:09,526 - data_collector.binance_api - INFO - Sử dụng startTime = 1747292769473 (2025-05-15 14:06:09.473000) cho symbol DOGEUSDT
2025-05-22 14:06:09,526 - data_collector.binance_api - INFO - Sử dụng endTime = 1747379123879 (2025-05-16 14:05:23.879000) cho symbol DOGEUSDT
2025-05-22 14:06:10,034 - data_collector.binance_api - INFO - Nhận được 24 bản ghi OI cho DOGEUSDT
2025-05-22 14:06:11,058 - data_collector.binance_api - INFO - Đã lấy thời gian máy chủ Binance: 1747897571001
2025-05-22 14:06:11,058 - data_collector.binance_api - INFO - Sử dụng startTime = 1747379123879 (2025-05-16 14:05:23.879000) cho symbol DOGEUSDT
2025-05-22 14:06:11,058 - data_collector.binance_api - INFO - Sử dụng endTime = 1747465523879 (2025-05-17 14:05:23.879000) cho symbol DOGEUSDT
2025-05-22 14:06:11,552 - data_collector.binance_api - INFO - Nhận được 24 bản ghi OI cho DOGEUSDT
2025-05-22 14:06:12,680 - data_collector.binance_api - INFO - Đã lấy thời gian máy chủ Binance: 1747897572622
2025-05-22 14:06:12,680 - data_collector.binance_api - INFO - Sử dụng startTime = 1747465523879 (2025-05-17 14:05:23.879000) cho symbol DOGEUSDT
2025-05-22 14:06:12,680 - data_collector.binance_api - INFO - Sử dụng endTime = 1747551923879 (2025-05-18 14:05:23.879000) cho symbol DOGEUSDT
2025-05-22 14:06:13,242 - data_collector.binance_api - INFO - Nhận được 24 bản ghi OI cho DOGEUSDT
2025-05-22 14:06:14,289 - data_collector.binance_api - INFO - Đã lấy thời gian máy chủ Binance: 1747897574226
2025-05-22 14:06:14,291 - data_collector.binance_api - INFO - Sử dụng startTime = 1747551923879 (2025-05-18 14:05:23.879000) cho symbol DOGEUSDT
2025-05-22 14:06:14,292 - data_collector.binance_api - INFO - Sử dụng endTime = 1747638323879 (2025-05-19 14:05:23.879000) cho symbol DOGEUSDT
2025-05-22 14:06:14,843 - data_collector.binance_api - INFO - Nhận được 24 bản ghi OI cho DOGEUSDT
2025-05-22 14:06:15,876 - data_collector.binance_api - INFO - Đã lấy thời gian máy chủ Binance: 1747897575814
2025-05-22 14:06:15,876 - data_collector.binance_api - INFO - Sử dụng startTime = 1747638323879 (2025-05-19 14:05:23.879000) cho symbol DOGEUSDT
2025-05-22 14:06:15,876 - data_collector.binance_api - INFO - Sử dụng endTime = 1747724723879 (2025-05-20 14:05:23.879000) cho symbol DOGEUSDT
2025-05-22 14:06:16,361 - data_collector.binance_api - INFO - Nhận được 24 bản ghi OI cho DOGEUSDT
2025-05-22 14:06:17,381 - data_collector.binance_api - INFO - Đã lấy thời gian máy chủ Binance: 1747897577318
2025-05-22 14:06:17,382 - data_collector.binance_api - INFO - Sử dụng startTime = 1747724723879 (2025-05-20 14:05:23.879000) cho symbol DOGEUSDT
2025-05-22 14:06:17,383 - data_collector.binance_api - INFO - Sử dụng endTime = 1747811123879 (2025-05-21 14:05:23.879000) cho symbol DOGEUSDT
2025-05-22 14:06:17,967 - data_collector.binance_api - INFO - Nhận được 24 bản ghi OI cho DOGEUSDT
2025-05-22 14:06:19,039 - data_collector.binance_api - INFO - Đã lấy thời gian máy chủ Binance: 1747897578978
2025-05-22 14:06:19,040 - data_collector.binance_api - INFO - Sử dụng startTime = 1747811123879 (2025-05-21 14:05:23.879000) cho symbol DOGEUSDT
2025-05-22 14:06:19,040 - data_collector.binance_api - INFO - Sử dụng endTime = 1747897523879 (2025-05-22 14:05:23.879000) cho symbol DOGEUSDT
2025-05-22 14:06:19,529 - data_collector.binance_api - INFO - Nhận được 24 bản ghi OI cho DOGEUSDT
2025-05-22 15:06:20,774 - data_collector.binance_api - INFO - Khởi tạo Binance API
2025-05-22 16:06:41,387 - data_collector.binance_api - INFO - Khởi tạo Binance API
2025-05-22 17:07:01,325 - data_collector.binance_api - INFO - Khởi tạo Binance API
2025-05-22 18:07:22,406 - data_collector.binance_api - INFO - Khởi tạo Binance API
2025-05-22 19:07:43,135 - data_collector.binance_api - INFO - Khởi tạo Binance API
