2025-05-21 20:43:36,988 - visualization.chart_generator - INFO - Khởi tạo ChartGenerator
2025-05-21 20:43:39,773 - visualization.chart_generator - INFO - Đã tạo biểu đồ giá và OI cho BTCUSDT tại data/charts/BTCUSDT_1d_price_oi.png
2025-05-21 20:43:40,235 - visualization.chart_generator - INFO - Đã tạo biểu đồ Volume cho BTCUSDT tại data/charts/BTCUSDT_1d_volume.png
2025-05-21 20:43:40,594 - visualization.chart_generator - INFO - Đã tạo biểu đồ OI cho BTCUSDT tại data/charts/BTCUSDT_oi.png
2025-05-21 20:43:40,594 - visualization.chart_generator - INFO - Đã tạo tất cả biểu đồ cho BTCUSDT
2025-05-21 20:43:41,122 - visualization.chart_generator - INFO - Đã tạo biểu đồ giá và OI cho ETHUSDT tại data/charts/ETHUSDT_1d_price_oi.png
2025-05-21 20:43:41,603 - visualization.chart_generator - INFO - Đã tạo biểu đồ Volume cho ETHUSDT tại data/charts/ETHUSDT_1d_volume.png
2025-05-21 20:43:41,970 - visualization.chart_generator - INFO - Đã tạo biểu đồ OI cho ETHUSDT tại data/charts/ETHUSDT_oi.png
2025-05-21 20:43:41,971 - visualization.chart_generator - INFO - Đã tạo tất cả biểu đồ cho ETHUSDT
2025-05-21 20:43:42,474 - visualization.chart_generator - INFO - Đã tạo biểu đồ giá và OI cho BNBUSDT tại data/charts/BNBUSDT_1d_price_oi.png
2025-05-21 20:43:42,881 - visualization.chart_generator - INFO - Đã tạo biểu đồ Volume cho BNBUSDT tại data/charts/BNBUSDT_1d_volume.png
2025-05-21 20:43:43,257 - visualization.chart_generator - INFO - Đã tạo biểu đồ OI cho BNBUSDT tại data/charts/BNBUSDT_oi.png
2025-05-21 20:43:43,257 - visualization.chart_generator - INFO - Đã tạo tất cả biểu đồ cho BNBUSDT
2025-05-21 20:43:43,763 - visualization.chart_generator - INFO - Đã tạo biểu đồ giá và OI cho SOLUSDT tại data/charts/SOLUSDT_1d_price_oi.png
2025-05-21 20:43:44,187 - visualization.chart_generator - INFO - Đã tạo biểu đồ Volume cho SOLUSDT tại data/charts/SOLUSDT_1d_volume.png
2025-05-21 20:43:44,541 - visualization.chart_generator - INFO - Đã tạo biểu đồ OI cho SOLUSDT tại data/charts/SOLUSDT_oi.png
2025-05-21 20:43:44,542 - visualization.chart_generator - INFO - Đã tạo tất cả biểu đồ cho SOLUSDT
2025-05-21 20:43:45,048 - visualization.chart_generator - INFO - Đã tạo biểu đồ giá và OI cho DOGEUSDT tại data/charts/DOGEUSDT_1d_price_oi.png
2025-05-21 20:43:45,456 - visualization.chart_generator - INFO - Đã tạo biểu đồ Volume cho DOGEUSDT tại data/charts/DOGEUSDT_1d_volume.png
2025-05-21 20:43:45,796 - visualization.chart_generator - INFO - Đã tạo biểu đồ OI cho DOGEUSDT tại data/charts/DOGEUSDT_oi.png
2025-05-21 20:43:45,797 - visualization.chart_generator - INFO - Đã tạo tất cả biểu đồ cho DOGEUSDT
