2025-05-24 12:34:32,414 - data_storage.database - INFO - Đã kết nối đến cơ sở dữ liệu
2025-05-24 12:34:32,416 - data_storage.database - INFO - Đã tạo các bảng cần thiết
2025-05-24 12:34:32,416 - data_storage.database - INFO - Đã khởi tạo cơ sở dữ liệu tại ./data/market_data.db
2025-05-24 12:34:32,425 - data_storage.database - INFO - Đã lấy 24 mẫu klines cho BTCUSDT - 1h
2025-05-24 12:34:32,428 - data_storage.database - INFO - Đã lấy 24 mẫu Open Interest cho BTCUSDT
2025-05-24 12:34:32,466 - data_storage.database - INFO - Đã lấy 24 mẫu klines cho ETHUSDT - 1h
2025-05-24 12:34:32,468 - data_storage.database - INFO - Đã lấy 24 mẫu Open Interest cho ETHUSDT
2025-05-24 12:34:32,502 - data_storage.database - INFO - Đã lấy 24 mẫu klines cho BNBUSDT - 1h
2025-05-24 12:34:32,504 - data_storage.database - INFO - Đã lấy 24 mẫu Open Interest cho BNBUSDT
2025-05-24 12:34:32,541 - data_storage.database - INFO - Đã lấy 24 mẫu klines cho SOLUSDT - 1h
2025-05-24 12:34:32,543 - data_storage.database - INFO - Đã lấy 24 mẫu Open Interest cho SOLUSDT
2025-05-24 12:34:32,576 - data_storage.database - INFO - Đã lấy 24 mẫu klines cho DOGEUSDT - 1h
2025-05-24 12:34:32,578 - data_storage.database - INFO - Đã lấy 24 mẫu Open Interest cho DOGEUSDT
2025-05-24 12:34:32,638 - data_storage.database - INFO - Đã lấy 48 mẫu klines cho BTCUSDT - 1h
2025-05-24 12:34:32,641 - data_storage.database - INFO - Đã lấy 48 mẫu Open Interest cho BTCUSDT
2025-05-24 12:34:32,654 - data_storage.database - INFO - Đã lấy 48 mẫu klines cho ETHUSDT - 1h
2025-05-24 12:34:32,657 - data_storage.database - INFO - Đã lấy 48 mẫu Open Interest cho ETHUSDT
2025-05-24 12:34:32,668 - data_storage.database - INFO - Đã lấy 48 mẫu klines cho BNBUSDT - 1h
2025-05-24 12:34:32,670 - data_storage.database - INFO - Đã lấy 48 mẫu Open Interest cho BNBUSDT
2025-05-24 12:34:32,683 - data_storage.database - INFO - Đã lấy 48 mẫu klines cho SOLUSDT - 1h
2025-05-24 12:34:32,685 - data_storage.database - INFO - Đã lấy 48 mẫu Open Interest cho SOLUSDT
2025-05-24 12:34:32,697 - data_storage.database - INFO - Đã lấy 48 mẫu klines cho DOGEUSDT - 1h
2025-05-24 12:34:32,699 - data_storage.database - INFO - Đã lấy 48 mẫu Open Interest cho DOGEUSDT
2025-05-24 12:34:32,710 - data_storage.database - INFO - Đã lấy 20 mẫu anomalies
2025-05-24 12:34:32,719 - data_storage.database - INFO - Đã lấy 64 mẫu klines cho BTCUSDT - 1d
2025-05-24 12:34:32,728 - data_storage.database - INFO - Đã lấy 100 mẫu klines cho BTCUSDT - 4h
2025-05-24 12:34:32,734 - data_storage.database - INFO - Đã lấy 100 mẫu klines cho BTCUSDT - 1h
2025-05-24 12:34:32,740 - data_storage.database - INFO - Đã lấy 100 mẫu Open Interest cho BTCUSDT
2025-05-24 12:34:32,767 - data_storage.database - INFO - Đã lấy 64 mẫu klines cho ETHUSDT - 1d
2025-05-24 12:34:32,774 - data_storage.database - INFO - Đã lấy 100 mẫu klines cho ETHUSDT - 4h
2025-05-24 12:34:32,787 - data_storage.database - INFO - Đã lấy 100 mẫu klines cho ETHUSDT - 1h
2025-05-24 12:34:32,793 - data_storage.database - INFO - Đã lấy 100 mẫu Open Interest cho ETHUSDT
2025-05-24 12:34:32,818 - data_storage.database - INFO - Đã lấy 64 mẫu klines cho BNBUSDT - 1d
2025-05-24 12:34:32,824 - data_storage.database - INFO - Đã lấy 100 mẫu klines cho BNBUSDT - 4h
2025-05-24 12:34:32,831 - data_storage.database - INFO - Đã lấy 100 mẫu klines cho BNBUSDT - 1h
2025-05-24 12:34:32,836 - data_storage.database - INFO - Đã lấy 100 mẫu Open Interest cho BNBUSDT
2025-05-24 12:34:32,858 - data_storage.database - INFO - Đã lấy 64 mẫu klines cho SOLUSDT - 1d
2025-05-24 12:34:32,864 - data_storage.database - INFO - Đã lấy 100 mẫu klines cho SOLUSDT - 4h
2025-05-24 12:34:32,871 - data_storage.database - INFO - Đã lấy 100 mẫu klines cho SOLUSDT - 1h
2025-05-24 12:34:32,877 - data_storage.database - INFO - Đã lấy 100 mẫu Open Interest cho SOLUSDT
2025-05-24 12:34:32,899 - data_storage.database - INFO - Đã lấy 64 mẫu klines cho DOGEUSDT - 1d
2025-05-24 12:34:32,907 - data_storage.database - INFO - Đã lấy 100 mẫu klines cho DOGEUSDT - 4h
2025-05-24 12:34:32,913 - data_storage.database - INFO - Đã lấy 100 mẫu klines cho DOGEUSDT - 1h
2025-05-24 12:34:32,918 - data_storage.database - INFO - Đã lấy 100 mẫu Open Interest cho DOGEUSDT
2025-05-24 12:34:32,940 - data_storage.database - INFO - Đã lấy 24 mẫu klines cho BTCUSDT - 1h
2025-05-24 12:34:32,942 - data_storage.database - INFO - Đã lấy 24 mẫu Open Interest cho BTCUSDT
2025-05-24 12:34:32,972 - data_storage.database - INFO - Đã lấy 24 mẫu klines cho ETHUSDT - 1h
2025-05-24 12:34:32,975 - data_storage.database - INFO - Đã lấy 24 mẫu Open Interest cho ETHUSDT
2025-05-24 12:34:33,007 - data_storage.database - INFO - Đã lấy 24 mẫu klines cho BNBUSDT - 1h
2025-05-24 12:34:33,009 - data_storage.database - INFO - Đã lấy 24 mẫu Open Interest cho BNBUSDT
2025-05-24 12:34:33,039 - data_storage.database - INFO - Đã lấy 24 mẫu klines cho SOLUSDT - 1h
2025-05-24 12:34:33,041 - data_storage.database - INFO - Đã lấy 24 mẫu Open Interest cho SOLUSDT
2025-05-24 12:34:33,073 - data_storage.database - INFO - Đã lấy 24 mẫu klines cho DOGEUSDT - 1h
2025-05-24 12:34:33,076 - data_storage.database - INFO - Đã lấy 24 mẫu Open Interest cho DOGEUSDT
2025-05-24 12:34:33,110 - data_storage.database - INFO - Đã đóng kết nối cơ sở dữ liệu
