2025-05-21 20:48:07,458 - __main__ - INFO - Bắt đầu khởi tạo hệ thống
2025-05-21 20:48:07,465 - __main__ - INFO - Hoàn thành khởi tạo hệ thống
2025-05-21 20:48:07,466 - __main__ - INFO - Bắt đầu thu thập dữ liệu lịch sử
2025-05-21 20:52:22,780 - __main__ - INFO - Hoàn thành thu thập dữ liệu lịch sử
2025-05-21 20:52:22,781 - __main__ - INFO - Thiết lập lịch trình các tác vụ
2025-05-21 20:52:22,783 - __main__ - INFO - Đã thiết lập lịch trình các tác vụ
2025-05-21 20:52:22,783 - __main__ - INFO - Bắt đầu chạy các tác vụ theo lịch
2025-05-21 20:53:23,368 - __main__ - INFO - Bắt đầu cập nhật dữ liệu realtime
2025-05-21 20:53:31,591 - __main__ - INFO - Hoàn thành cập nhật dữ liệu realtime
2025-05-21 20:54:32,093 - __main__ - INFO - Bắt đầu cập nhật dữ liệu realtime
2025-05-21 20:54:40,405 - __main__ - INFO - Hoàn thành cập nhật dữ liệu realtime
2025-05-21 20:55:40,887 - __main__ - INFO - Bắt đầu cập nhật dữ liệu realtime
2025-05-21 20:55:49,371 - __main__ - INFO - Hoàn thành cập nhật dữ liệu realtime
2025-05-21 20:56:49,802 - __main__ - INFO - Bắt đầu cập nhật dữ liệu realtime
2025-05-21 20:56:57,826 - __main__ - INFO - Hoàn thành cập nhật dữ liệu realtime
2025-05-21 20:57:23,018 - __main__ - INFO - Bắt đầu phát hiện bất thường
2025-05-21 20:57:46,807 - __main__ - INFO - Hoàn thành phát hiện bất thường
2025-05-21 20:57:57,904 - __main__ - INFO - Bắt đầu cập nhật dữ liệu realtime
2025-05-21 20:58:06,088 - __main__ - INFO - Hoàn thành cập nhật dữ liệu realtime
2025-05-21 20:59:06,633 - __main__ - INFO - Bắt đầu cập nhật dữ liệu realtime
2025-05-21 20:59:14,704 - __main__ - INFO - Hoàn thành cập nhật dữ liệu realtime
2025-05-21 21:00:15,159 - __main__ - INFO - Bắt đầu cập nhật dữ liệu realtime
2025-05-21 21:00:23,765 - __main__ - INFO - Hoàn thành cập nhật dữ liệu realtime
2025-05-21 21:01:24,228 - __main__ - INFO - Bắt đầu cập nhật dữ liệu realtime
2025-05-21 21:01:31,836 - __main__ - INFO - Hoàn thành cập nhật dữ liệu realtime
2025-05-21 21:02:32,311 - __main__ - INFO - Bắt đầu cập nhật dữ liệu realtime
2025-05-21 21:02:40,148 - __main__ - INFO - Hoàn thành cập nhật dữ liệu realtime
2025-05-21 21:02:47,210 - __main__ - INFO - Bắt đầu phát hiện bất thường
2025-05-21 21:03:11,009 - __main__ - INFO - Hoàn thành phát hiện bất thường
2025-05-21 21:03:40,238 - __main__ - INFO - Bắt đầu cập nhật dữ liệu realtime
2025-05-21 21:03:49,166 - __main__ - INFO - Hoàn thành cập nhật dữ liệu realtime
2025-05-21 21:04:49,644 - __main__ - INFO - Bắt đầu cập nhật dữ liệu realtime
2025-05-21 21:04:57,366 - __main__ - INFO - Hoàn thành cập nhật dữ liệu realtime
2025-05-21 21:05:57,945 - __main__ - INFO - Bắt đầu cập nhật dữ liệu realtime
2025-05-21 21:10:14,622 - __main__ - INFO - Bắt đầu khởi tạo hệ thống
2025-05-21 21:10:14,627 - __main__ - INFO - Hoàn thành khởi tạo hệ thống
2025-05-21 21:10:14,627 - __main__ - INFO - Bắt đầu thu thập dữ liệu lịch sử
2025-05-21 21:14:14,254 - __main__ - INFO - Hoàn thành thu thập dữ liệu lịch sử
2025-05-21 21:14:14,255 - __main__ - INFO - Thiết lập lịch trình các tác vụ
2025-05-21 21:14:14,256 - __main__ - INFO - Đã thiết lập lịch trình các tác vụ
2025-05-21 21:14:14,256 - __main__ - INFO - Bắt đầu chạy các tác vụ theo lịch
2025-05-21 21:15:14,797 - __main__ - INFO - Bắt đầu cập nhật dữ liệu realtime
2025-05-21 21:15:22,837 - __main__ - INFO - Hoàn thành cập nhật dữ liệu realtime
2025-05-21 21:16:23,369 - __main__ - INFO - Bắt đầu cập nhật dữ liệu realtime
2025-05-21 21:16:31,457 - __main__ - INFO - Hoàn thành cập nhật dữ liệu realtime
2025-05-21 21:17:31,916 - __main__ - INFO - Bắt đầu cập nhật dữ liệu realtime
2025-05-21 21:17:39,672 - __main__ - INFO - Hoàn thành cập nhật dữ liệu realtime
2025-05-21 21:18:40,164 - __main__ - INFO - Bắt đầu cập nhật dữ liệu realtime
2025-05-21 21:18:48,254 - __main__ - INFO - Hoàn thành cập nhật dữ liệu realtime
2025-05-21 21:19:14,427 - __main__ - INFO - Bắt đầu phát hiện bất thường
2025-05-21 21:19:38,294 - __main__ - INFO - Hoàn thành phát hiện bất thường
2025-05-21 21:19:48,385 - __main__ - INFO - Bắt đầu cập nhật dữ liệu realtime
2025-05-21 21:19:56,281 - __main__ - INFO - Hoàn thành cập nhật dữ liệu realtime
2025-05-21 21:20:56,757 - __main__ - INFO - Bắt đầu cập nhật dữ liệu realtime
2025-05-21 21:21:05,010 - __main__ - INFO - Hoàn thành cập nhật dữ liệu realtime
2025-05-21 21:22:05,474 - __main__ - INFO - Bắt đầu cập nhật dữ liệu realtime
2025-05-21 21:22:13,599 - __main__ - INFO - Hoàn thành cập nhật dữ liệu realtime
2025-05-21 21:23:14,098 - __main__ - INFO - Bắt đầu cập nhật dữ liệu realtime
2025-05-21 21:23:21,742 - __main__ - INFO - Hoàn thành cập nhật dữ liệu realtime
2025-05-21 21:24:22,227 - __main__ - INFO - Bắt đầu cập nhật dữ liệu realtime
2025-05-21 21:24:30,220 - __main__ - INFO - Hoàn thành cập nhật dữ liệu realtime
2025-05-21 21:24:38,318 - __main__ - INFO - Bắt đầu phát hiện bất thường
2025-05-21 21:25:02,123 - __main__ - INFO - Hoàn thành phát hiện bất thường
2025-05-21 21:25:30,354 - __main__ - INFO - Bắt đầu cập nhật dữ liệu realtime
2025-05-21 21:25:38,135 - __main__ - INFO - Hoàn thành cập nhật dữ liệu realtime
2025-05-21 21:26:38,665 - __main__ - INFO - Bắt đầu cập nhật dữ liệu realtime
2025-05-21 21:26:46,144 - __main__ - INFO - Hoàn thành cập nhật dữ liệu realtime
2025-05-21 21:27:46,633 - __main__ - INFO - Bắt đầu cập nhật dữ liệu realtime
2025-05-21 21:27:54,474 - __main__ - INFO - Hoàn thành cập nhật dữ liệu realtime
2025-05-21 21:28:54,918 - __main__ - INFO - Bắt đầu cập nhật dữ liệu realtime
2025-05-21 21:29:02,337 - __main__ - INFO - Hoàn thành cập nhật dữ liệu realtime
2025-05-21 21:29:14,443 - __main__ - INFO - Bắt đầu tạo báo cáo và biểu đồ
2025-05-21 21:29:22,858 - __main__ - INFO - Hoàn thành tạo báo cáo và biểu đồ
2025-05-21 21:29:22,858 - __main__ - INFO - Bắt đầu đẩy dữ liệu lên GitHub
2025-05-21 21:29:28,445 - __main__ - INFO - Đã đẩy dữ liệu lên GitHub thành công lúc 2025-05-21 21:29:23
2025-05-21 21:30:02,745 - __main__ - INFO - Bắt đầu phát hiện bất thường
2025-05-21 21:30:26,556 - __main__ - INFO - Hoàn thành phát hiện bất thường
2025-05-21 21:30:26,557 - __main__ - INFO - Bắt đầu cập nhật dữ liệu realtime
2025-05-21 21:30:34,427 - __main__ - INFO - Hoàn thành cập nhật dữ liệu realtime
2025-05-21 21:31:34,951 - __main__ - INFO - Bắt đầu cập nhật dữ liệu realtime
2025-05-21 21:31:43,003 - __main__ - INFO - Hoàn thành cập nhật dữ liệu realtime
2025-05-21 21:32:43,473 - __main__ - INFO - Bắt đầu cập nhật dữ liệu realtime
2025-05-21 21:32:51,695 - __main__ - INFO - Hoàn thành cập nhật dữ liệu realtime
2025-05-21 21:33:52,166 - __main__ - INFO - Bắt đầu cập nhật dữ liệu realtime
2025-05-21 21:33:59,895 - __main__ - INFO - Hoàn thành cập nhật dữ liệu realtime
2025-05-21 21:35:00,445 - __main__ - INFO - Bắt đầu cập nhật dữ liệu realtime
2025-05-21 21:35:08,666 - __main__ - INFO - Hoàn thành cập nhật dữ liệu realtime
2025-05-21 21:35:26,795 - __main__ - INFO - Bắt đầu phát hiện bất thường
2025-05-21 21:35:50,528 - __main__ - INFO - Hoàn thành phát hiện bất thường
2025-05-21 21:36:09,678 - __main__ - INFO - Bắt đầu cập nhật dữ liệu realtime
2025-05-21 21:36:17,627 - __main__ - INFO - Hoàn thành cập nhật dữ liệu realtime
2025-05-21 21:37:18,103 - __main__ - INFO - Bắt đầu cập nhật dữ liệu realtime
2025-05-21 21:37:26,001 - __main__ - INFO - Hoàn thành cập nhật dữ liệu realtime
2025-05-21 21:38:26,474 - __main__ - INFO - Bắt đầu cập nhật dữ liệu realtime
2025-05-21 21:38:34,703 - __main__ - INFO - Hoàn thành cập nhật dữ liệu realtime
2025-05-21 21:39:35,180 - __main__ - INFO - Bắt đầu cập nhật dữ liệu realtime
2025-05-21 21:39:42,842 - __main__ - INFO - Hoàn thành cập nhật dữ liệu realtime
2025-05-21 21:40:43,286 - __main__ - INFO - Bắt đầu cập nhật dữ liệu realtime
2025-05-21 21:40:51,302 - __main__ - INFO - Hoàn thành cập nhật dữ liệu realtime
2025-05-21 21:40:52,310 - __main__ - INFO - Bắt đầu phát hiện bất thường
2025-05-21 21:41:16,271 - __main__ - INFO - Hoàn thành phát hiện bất thường
2025-05-21 21:41:51,589 - __main__ - INFO - Bắt đầu cập nhật dữ liệu realtime
2025-05-21 21:41:59,241 - __main__ - INFO - Hoàn thành cập nhật dữ liệu realtime
2025-05-21 21:43:12,403 - __main__ - INFO - Bắt đầu khởi tạo hệ thống
2025-05-21 21:43:12,409 - __main__ - INFO - Hoàn thành khởi tạo hệ thống
2025-05-21 21:43:12,409 - __main__ - INFO - Bắt đầu thu thập dữ liệu lịch sử
2025-05-21 21:47:08,377 - __main__ - INFO - Hoàn thành thu thập dữ liệu lịch sử
2025-05-21 21:47:08,378 - __main__ - INFO - Thiết lập lịch trình các tác vụ
2025-05-21 21:47:08,379 - __main__ - INFO - Đã thiết lập lịch trình các tác vụ
2025-05-21 21:47:08,379 - __main__ - INFO - Bắt đầu chạy các tác vụ theo lịch
2025-05-21 21:48:08,898 - __main__ - INFO - Bắt đầu cập nhật dữ liệu realtime
2025-05-21 21:48:16,680 - __main__ - INFO - Hoàn thành cập nhật dữ liệu realtime
2025-05-21 21:49:17,098 - __main__ - INFO - Bắt đầu cập nhật dữ liệu realtime
2025-05-21 21:49:24,832 - __main__ - INFO - Hoàn thành cập nhật dữ liệu realtime
2025-05-21 21:50:25,276 - __main__ - INFO - Bắt đầu cập nhật dữ liệu realtime
2025-05-21 21:50:33,389 - __main__ - INFO - Hoàn thành cập nhật dữ liệu realtime
2025-05-21 21:51:33,822 - __main__ - INFO - Bắt đầu cập nhật dữ liệu realtime
2025-05-21 21:51:41,892 - __main__ - INFO - Hoàn thành cập nhật dữ liệu realtime
2025-05-21 21:52:42,366 - __main__ - INFO - Bắt đầu cập nhật dữ liệu realtime
2025-05-21 21:52:50,150 - __main__ - INFO - Hoàn thành cập nhật dữ liệu realtime
2025-05-21 21:53:50,678 - __main__ - INFO - Bắt đầu cập nhật dữ liệu realtime
2025-05-21 21:53:58,417 - __main__ - INFO - Hoàn thành cập nhật dữ liệu realtime
2025-05-21 21:54:58,904 - __main__ - INFO - Bắt đầu cập nhật dữ liệu realtime
2025-05-21 21:55:06,857 - __main__ - INFO - Hoàn thành cập nhật dữ liệu realtime
2025-05-21 21:56:07,383 - __main__ - INFO - Bắt đầu cập nhật dữ liệu realtime
2025-05-21 21:56:14,974 - __main__ - INFO - Hoàn thành cập nhật dữ liệu realtime
2025-05-21 21:57:15,489 - __main__ - INFO - Bắt đầu cập nhật dữ liệu realtime
2025-05-21 21:57:23,087 - __main__ - INFO - Hoàn thành cập nhật dữ liệu realtime
2025-05-21 21:58:23,608 - __main__ - INFO - Bắt đầu cập nhật dữ liệu realtime
2025-05-21 21:58:31,532 - __main__ - INFO - Hoàn thành cập nhật dữ liệu realtime
2025-05-21 21:59:32,089 - __main__ - INFO - Bắt đầu cập nhật dữ liệu realtime
2025-05-21 21:59:39,816 - __main__ - INFO - Hoàn thành cập nhật dữ liệu realtime
2025-05-21 22:00:40,395 - __main__ - INFO - Bắt đầu cập nhật dữ liệu realtime
2025-05-21 22:00:48,031 - __main__ - INFO - Hoàn thành cập nhật dữ liệu realtime
2025-05-21 22:01:48,558 - __main__ - INFO - Bắt đầu cập nhật dữ liệu realtime
2025-05-21 22:01:55,768 - __main__ - INFO - Hoàn thành cập nhật dữ liệu realtime
2025-05-21 22:02:08,901 - __main__ - INFO - Bắt đầu phát hiện bất thường
2025-05-21 22:02:32,753 - __main__ - INFO - Hoàn thành phát hiện bất thường
2025-05-21 22:02:55,956 - __main__ - INFO - Bắt đầu cập nhật dữ liệu realtime
2025-05-21 22:03:03,414 - __main__ - INFO - Hoàn thành cập nhật dữ liệu realtime
2025-05-21 22:04:03,905 - __main__ - INFO - Bắt đầu cập nhật dữ liệu realtime
2025-05-21 22:04:11,550 - __main__ - INFO - Hoàn thành cập nhật dữ liệu realtime
2025-05-21 22:05:12,081 - __main__ - INFO - Bắt đầu cập nhật dữ liệu realtime
2025-05-21 22:05:19,510 - __main__ - INFO - Hoàn thành cập nhật dữ liệu realtime
2025-05-21 22:06:20,006 - __main__ - INFO - Bắt đầu cập nhật dữ liệu realtime
2025-05-21 22:06:27,273 - __main__ - INFO - Hoàn thành cập nhật dữ liệu realtime
2025-05-21 22:07:27,745 - __main__ - INFO - Bắt đầu cập nhật dữ liệu realtime
2025-05-21 22:07:35,240 - __main__ - INFO - Hoàn thành cập nhật dữ liệu realtime
2025-05-21 22:08:35,752 - __main__ - INFO - Bắt đầu cập nhật dữ liệu realtime
2025-05-21 22:08:43,459 - __main__ - INFO - Hoàn thành cập nhật dữ liệu realtime
2025-05-21 22:09:43,982 - __main__ - INFO - Bắt đầu cập nhật dữ liệu realtime
2025-05-21 22:09:51,689 - __main__ - INFO - Hoàn thành cập nhật dữ liệu realtime
2025-05-21 22:10:52,152 - __main__ - INFO - Bắt đầu cập nhật dữ liệu realtime
2025-05-21 22:11:01,296 - __main__ - INFO - Hoàn thành cập nhật dữ liệu realtime
2025-05-21 22:12:01,730 - __main__ - INFO - Bắt đầu cập nhật dữ liệu realtime
2025-05-21 22:12:10,291 - __main__ - INFO - Hoàn thành cập nhật dữ liệu realtime
2025-05-21 22:13:10,843 - __main__ - INFO - Bắt đầu cập nhật dữ liệu realtime
2025-05-21 22:13:18,515 - __main__ - INFO - Hoàn thành cập nhật dữ liệu realtime
2025-05-21 22:14:18,989 - __main__ - INFO - Bắt đầu cập nhật dữ liệu realtime
2025-05-21 22:14:28,389 - __main__ - INFO - Hoàn thành cập nhật dữ liệu realtime
2025-05-21 22:15:28,886 - __main__ - INFO - Bắt đầu cập nhật dữ liệu realtime
2025-05-21 22:15:36,264 - __main__ - INFO - Hoàn thành cập nhật dữ liệu realtime
2025-05-21 22:16:36,744 - __main__ - INFO - Bắt đầu cập nhật dữ liệu realtime
2025-05-21 22:16:44,128 - __main__ - INFO - Hoàn thành cập nhật dữ liệu realtime
2025-05-21 22:17:33,554 - __main__ - INFO - Bắt đầu phát hiện bất thường
2025-05-21 22:17:57,326 - __main__ - INFO - Hoàn thành phát hiện bất thường
2025-05-21 22:17:58,341 - __main__ - INFO - Bắt đầu cập nhật dữ liệu realtime
2025-05-21 22:18:06,039 - __main__ - INFO - Hoàn thành cập nhật dữ liệu realtime
2025-05-21 22:19:06,525 - __main__ - INFO - Bắt đầu cập nhật dữ liệu realtime
2025-05-21 22:19:14,088 - __main__ - INFO - Hoàn thành cập nhật dữ liệu realtime
2025-05-21 22:20:14,654 - __main__ - INFO - Bắt đầu cập nhật dữ liệu realtime
2025-05-21 22:20:22,090 - __main__ - INFO - Hoàn thành cập nhật dữ liệu realtime
2025-05-21 22:21:22,555 - __main__ - INFO - Bắt đầu cập nhật dữ liệu realtime
2025-05-21 22:21:29,909 - __main__ - INFO - Hoàn thành cập nhật dữ liệu realtime
2025-05-21 22:22:30,338 - __main__ - INFO - Bắt đầu cập nhật dữ liệu realtime
2025-05-21 22:22:37,661 - __main__ - INFO - Hoàn thành cập nhật dữ liệu realtime
2025-05-21 22:23:38,147 - __main__ - INFO - Bắt đầu cập nhật dữ liệu realtime
2025-05-21 22:23:45,456 - __main__ - INFO - Hoàn thành cập nhật dữ liệu realtime
2025-05-21 22:24:46,006 - __main__ - INFO - Bắt đầu cập nhật dữ liệu realtime
2025-05-21 22:24:53,360 - __main__ - INFO - Hoàn thành cập nhật dữ liệu realtime
2025-05-21 22:25:53,911 - __main__ - INFO - Bắt đầu cập nhật dữ liệu realtime
2025-05-21 22:26:01,759 - __main__ - INFO - Hoàn thành cập nhật dữ liệu realtime
2025-05-21 22:27:02,277 - __main__ - INFO - Bắt đầu cập nhật dữ liệu realtime
2025-05-21 22:27:11,942 - __main__ - INFO - Hoàn thành cập nhật dữ liệu realtime
2025-05-21 22:28:12,491 - __main__ - INFO - Bắt đầu cập nhật dữ liệu realtime
2025-05-21 22:28:19,743 - __main__ - INFO - Hoàn thành cập nhật dữ liệu realtime
2025-05-21 22:29:20,275 - __main__ - INFO - Bắt đầu cập nhật dữ liệu realtime
2025-05-21 22:29:27,577 - __main__ - INFO - Hoàn thành cập nhật dữ liệu realtime
2025-05-21 22:30:27,980 - __main__ - INFO - Bắt đầu cập nhật dữ liệu realtime
2025-05-21 22:30:35,437 - __main__ - INFO - Hoàn thành cập nhật dữ liệu realtime
2025-05-21 22:31:35,944 - __main__ - INFO - Bắt đầu cập nhật dữ liệu realtime
2025-05-21 22:31:45,067 - __main__ - INFO - Hoàn thành cập nhật dữ liệu realtime
2025-05-21 22:32:45,510 - __main__ - INFO - Bắt đầu cập nhật dữ liệu realtime
2025-05-21 22:32:54,688 - __main__ - INFO - Hoàn thành cập nhật dữ liệu realtime
2025-05-21 22:32:57,700 - __main__ - INFO - Bắt đầu phát hiện bất thường
2025-05-21 22:33:21,517 - __main__ - INFO - Hoàn thành phát hiện bất thường
2025-05-21 22:33:54,792 - __main__ - INFO - Bắt đầu cập nhật dữ liệu realtime
2025-05-21 22:34:02,075 - __main__ - INFO - Hoàn thành cập nhật dữ liệu realtime
2025-05-21 22:35:02,572 - __main__ - INFO - Bắt đầu cập nhật dữ liệu realtime
2025-05-21 22:35:10,265 - __main__ - INFO - Hoàn thành cập nhật dữ liệu realtime
2025-05-21 22:36:10,788 - __main__ - INFO - Bắt đầu cập nhật dữ liệu realtime
2025-05-21 22:36:18,174 - __main__ - INFO - Hoàn thành cập nhật dữ liệu realtime
2025-05-21 22:37:18,656 - __main__ - INFO - Bắt đầu cập nhật dữ liệu realtime
2025-05-21 22:37:26,031 - __main__ - INFO - Hoàn thành cập nhật dữ liệu realtime
2025-05-21 22:38:26,573 - __main__ - INFO - Bắt đầu cập nhật dữ liệu realtime
2025-05-21 22:38:33,767 - __main__ - INFO - Hoàn thành cập nhật dữ liệu realtime
2025-05-21 22:39:34,246 - __main__ - INFO - Bắt đầu cập nhật dữ liệu realtime
2025-05-21 22:39:41,545 - __main__ - INFO - Hoàn thành cập nhật dữ liệu realtime
2025-05-21 22:40:41,996 - __main__ - INFO - Bắt đầu cập nhật dữ liệu realtime
2025-05-21 22:40:49,149 - __main__ - INFO - Hoàn thành cập nhật dữ liệu realtime
2025-05-21 22:41:49,556 - __main__ - INFO - Bắt đầu cập nhật dữ liệu realtime
2025-05-21 22:41:57,060 - __main__ - INFO - Hoàn thành cập nhật dữ liệu realtime
2025-05-21 22:42:57,572 - __main__ - INFO - Bắt đầu cập nhật dữ liệu realtime
2025-05-21 22:43:05,071 - __main__ - INFO - Hoàn thành cập nhật dữ liệu realtime
2025-05-21 22:44:05,558 - __main__ - INFO - Bắt đầu cập nhật dữ liệu realtime
2025-05-21 22:44:12,973 - __main__ - INFO - Hoàn thành cập nhật dữ liệu realtime
2025-05-21 22:45:13,395 - __main__ - INFO - Bắt đầu cập nhật dữ liệu realtime
2025-05-21 22:45:20,538 - __main__ - INFO - Hoàn thành cập nhật dữ liệu realtime
2025-05-21 22:46:21,036 - __main__ - INFO - Bắt đầu cập nhật dữ liệu realtime
2025-05-21 22:46:28,367 - __main__ - INFO - Hoàn thành cập nhật dữ liệu realtime
2025-05-21 22:47:08,726 - __main__ - INFO - Bắt đầu tạo báo cáo và biểu đồ
2025-05-21 22:47:17,225 - __main__ - INFO - Hoàn thành tạo báo cáo và biểu đồ
2025-05-21 22:47:17,225 - __main__ - INFO - Bắt đầu đẩy dữ liệu lên GitHub
2025-05-21 22:47:23,487 - __main__ - INFO - Đã đẩy dữ liệu lên GitHub thành công lúc 2025-05-21 22:47:17
2025-05-21 22:47:28,553 - __main__ - INFO - Bắt đầu cập nhật dữ liệu realtime
2025-05-21 22:47:36,128 - __main__ - INFO - Hoàn thành cập nhật dữ liệu realtime
2025-05-21 22:48:22,506 - __main__ - INFO - Bắt đầu phát hiện bất thường
2025-05-21 22:48:46,350 - __main__ - INFO - Hoàn thành phát hiện bất thường
2025-05-21 22:48:47,356 - __main__ - INFO - Bắt đầu cập nhật dữ liệu realtime
2025-05-21 22:48:55,023 - __main__ - INFO - Hoàn thành cập nhật dữ liệu realtime
2025-05-21 22:49:55,447 - __main__ - INFO - Bắt đầu cập nhật dữ liệu realtime
2025-05-21 22:50:03,269 - __main__ - INFO - Hoàn thành cập nhật dữ liệu realtime
2025-05-21 22:51:03,799 - __main__ - INFO - Bắt đầu cập nhật dữ liệu realtime
2025-05-21 22:51:11,232 - __main__ - INFO - Hoàn thành cập nhật dữ liệu realtime
2025-05-21 22:52:11,713 - __main__ - INFO - Bắt đầu cập nhật dữ liệu realtime
2025-05-21 22:52:21,123 - __main__ - INFO - Hoàn thành cập nhật dữ liệu realtime
2025-05-21 22:53:21,682 - __main__ - INFO - Bắt đầu cập nhật dữ liệu realtime
2025-05-21 22:53:32,590 - __main__ - INFO - Hoàn thành cập nhật dữ liệu realtime
2025-05-21 22:54:33,088 - __main__ - INFO - Bắt đầu cập nhật dữ liệu realtime
2025-05-21 22:54:40,561 - __main__ - INFO - Hoàn thành cập nhật dữ liệu realtime
2025-05-21 22:55:41,104 - __main__ - INFO - Bắt đầu cập nhật dữ liệu realtime
2025-05-21 22:55:48,451 - __main__ - INFO - Hoàn thành cập nhật dữ liệu realtime
2025-05-21 22:56:48,971 - __main__ - INFO - Bắt đầu cập nhật dữ liệu realtime
2025-05-21 22:56:58,798 - __main__ - INFO - Hoàn thành cập nhật dữ liệu realtime
2025-05-21 22:57:59,295 - __main__ - INFO - Bắt đầu cập nhật dữ liệu realtime
2025-05-21 22:58:06,806 - __main__ - INFO - Hoàn thành cập nhật dữ liệu realtime
2025-05-21 22:59:07,256 - __main__ - INFO - Bắt đầu cập nhật dữ liệu realtime
2025-05-21 22:59:14,584 - __main__ - INFO - Hoàn thành cập nhật dữ liệu realtime
2025-05-21 23:00:15,023 - __main__ - INFO - Bắt đầu cập nhật dữ liệu realtime
2025-05-21 23:00:22,406 - __main__ - INFO - Hoàn thành cập nhật dữ liệu realtime
2025-05-21 23:01:22,947 - __main__ - INFO - Bắt đầu cập nhật dữ liệu realtime
2025-05-21 23:01:30,489 - __main__ - INFO - Hoàn thành cập nhật dữ liệu realtime
2025-05-21 23:02:30,986 - __main__ - INFO - Bắt đầu cập nhật dữ liệu realtime
2025-05-21 23:02:38,062 - __main__ - INFO - Hoàn thành cập nhật dữ liệu realtime
2025-05-21 23:03:38,494 - __main__ - INFO - Bắt đầu cập nhật dữ liệu realtime
2025-05-21 23:03:45,799 - __main__ - INFO - Hoàn thành cập nhật dữ liệu realtime
2025-05-21 23:03:46,811 - __main__ - INFO - Bắt đầu phát hiện bất thường
2025-05-21 23:04:10,538 - __main__ - INFO - Hoàn thành phát hiện bất thường
2025-05-21 23:04:45,800 - __main__ - INFO - Bắt đầu cập nhật dữ liệu realtime
2025-05-21 23:04:52,915 - __main__ - INFO - Hoàn thành cập nhật dữ liệu realtime
2025-05-21 23:05:53,369 - __main__ - INFO - Bắt đầu cập nhật dữ liệu realtime
2025-05-21 23:06:00,643 - __main__ - INFO - Hoàn thành cập nhật dữ liệu realtime
2025-05-21 23:07:01,116 - __main__ - INFO - Bắt đầu cập nhật dữ liệu realtime
2025-05-21 23:07:08,393 - __main__ - INFO - Hoàn thành cập nhật dữ liệu realtime
2025-05-21 23:08:08,875 - __main__ - INFO - Bắt đầu cập nhật dữ liệu realtime
2025-05-21 23:08:16,155 - __main__ - INFO - Hoàn thành cập nhật dữ liệu realtime
2025-05-21 23:09:16,531 - __main__ - INFO - Bắt đầu cập nhật dữ liệu realtime
2025-05-21 23:09:24,008 - __main__ - INFO - Hoàn thành cập nhật dữ liệu realtime
2025-05-21 23:10:24,434 - __main__ - INFO - Bắt đầu cập nhật dữ liệu realtime
2025-05-21 23:10:31,822 - __main__ - INFO - Hoàn thành cập nhật dữ liệu realtime
2025-05-21 23:11:32,259 - __main__ - INFO - Bắt đầu cập nhật dữ liệu realtime
2025-05-21 23:11:40,824 - __main__ - INFO - Hoàn thành cập nhật dữ liệu realtime
2025-05-21 23:12:41,249 - __main__ - INFO - Bắt đầu cập nhật dữ liệu realtime
2025-05-21 23:12:48,380 - __main__ - INFO - Hoàn thành cập nhật dữ liệu realtime
2025-05-21 23:13:48,873 - __main__ - INFO - Bắt đầu cập nhật dữ liệu realtime
2025-05-21 23:13:56,115 - __main__ - INFO - Hoàn thành cập nhật dữ liệu realtime
2025-05-21 23:14:56,514 - __main__ - INFO - Bắt đầu cập nhật dữ liệu realtime
2025-05-21 23:15:04,025 - __main__ - INFO - Hoàn thành cập nhật dữ liệu realtime
2025-05-21 23:16:04,385 - __main__ - INFO - Bắt đầu cập nhật dữ liệu realtime
2025-05-21 23:16:11,716 - __main__ - INFO - Hoàn thành cập nhật dữ liệu realtime
2025-05-21 23:17:12,135 - __main__ - INFO - Bắt đầu cập nhật dữ liệu realtime
2025-05-21 23:17:19,615 - __main__ - INFO - Hoàn thành cập nhật dữ liệu realtime
2025-05-21 23:18:19,962 - __main__ - INFO - Bắt đầu cập nhật dữ liệu realtime
2025-05-21 23:18:27,162 - __main__ - INFO - Hoàn thành cập nhật dữ liệu realtime
2025-05-21 23:19:11,480 - __main__ - INFO - Bắt đầu phát hiện bất thường
2025-05-21 23:19:35,237 - __main__ - INFO - Hoàn thành phát hiện bất thường
2025-05-21 23:19:36,242 - __main__ - INFO - Bắt đầu cập nhật dữ liệu realtime
2025-05-21 23:19:43,474 - __main__ - INFO - Hoàn thành cập nhật dữ liệu realtime
2025-05-21 23:20:43,859 - __main__ - INFO - Bắt đầu cập nhật dữ liệu realtime
2025-05-21 23:20:50,902 - __main__ - INFO - Hoàn thành cập nhật dữ liệu realtime
2025-05-21 23:21:51,282 - __main__ - INFO - Bắt đầu cập nhật dữ liệu realtime
2025-05-21 23:21:58,514 - __main__ - INFO - Hoàn thành cập nhật dữ liệu realtime
2025-05-21 23:22:58,950 - __main__ - INFO - Bắt đầu cập nhật dữ liệu realtime
2025-05-21 23:23:06,120 - __main__ - INFO - Hoàn thành cập nhật dữ liệu realtime
2025-05-21 23:24:06,501 - __main__ - INFO - Bắt đầu cập nhật dữ liệu realtime
2025-05-21 23:24:13,640 - __main__ - INFO - Hoàn thành cập nhật dữ liệu realtime
2025-05-21 23:25:14,062 - __main__ - INFO - Bắt đầu cập nhật dữ liệu realtime
2025-05-21 23:25:21,187 - __main__ - INFO - Hoàn thành cập nhật dữ liệu realtime
2025-05-21 23:26:21,585 - __main__ - INFO - Bắt đầu cập nhật dữ liệu realtime
2025-05-21 23:26:28,732 - __main__ - INFO - Hoàn thành cập nhật dữ liệu realtime
2025-05-21 23:27:29,113 - __main__ - INFO - Bắt đầu cập nhật dữ liệu realtime
2025-05-21 23:27:36,393 - __main__ - INFO - Hoàn thành cập nhật dữ liệu realtime
2025-05-21 23:28:36,876 - __main__ - INFO - Bắt đầu cập nhật dữ liệu realtime
2025-05-21 23:28:44,240 - __main__ - INFO - Hoàn thành cập nhật dữ liệu realtime
2025-05-21 23:29:44,627 - __main__ - INFO - Bắt đầu cập nhật dữ liệu realtime
2025-05-21 23:29:51,826 - __main__ - INFO - Hoàn thành cập nhật dữ liệu realtime
2025-05-21 23:30:52,238 - __main__ - INFO - Bắt đầu cập nhật dữ liệu realtime
2025-05-21 23:30:59,490 - __main__ - INFO - Hoàn thành cập nhật dữ liệu realtime
2025-05-21 23:31:59,900 - __main__ - INFO - Bắt đầu cập nhật dữ liệu realtime
2025-05-21 23:32:07,321 - __main__ - INFO - Hoàn thành cập nhật dữ liệu realtime
2025-05-21 23:33:07,750 - __main__ - INFO - Bắt đầu cập nhật dữ liệu realtime
2025-05-21 23:33:15,122 - __main__ - INFO - Hoàn thành cập nhật dữ liệu realtime
2025-05-21 23:34:15,593 - __main__ - INFO - Bắt đầu cập nhật dữ liệu realtime
2025-05-21 23:34:22,765 - __main__ - INFO - Hoàn thành cập nhật dữ liệu realtime
2025-05-21 23:34:35,835 - __main__ - INFO - Bắt đầu phát hiện bất thường
2025-05-21 23:34:59,723 - __main__ - INFO - Hoàn thành phát hiện bất thường
2025-05-21 23:35:22,845 - __main__ - INFO - Bắt đầu cập nhật dữ liệu realtime
2025-05-21 23:35:30,109 - __main__ - INFO - Hoàn thành cập nhật dữ liệu realtime
2025-05-21 23:36:30,516 - __main__ - INFO - Bắt đầu cập nhật dữ liệu realtime
2025-05-21 23:36:38,038 - __main__ - INFO - Hoàn thành cập nhật dữ liệu realtime
2025-05-21 23:37:38,385 - __main__ - INFO - Bắt đầu cập nhật dữ liệu realtime
2025-05-21 23:37:45,853 - __main__ - INFO - Hoàn thành cập nhật dữ liệu realtime
2025-05-21 23:38:46,254 - __main__ - INFO - Bắt đầu cập nhật dữ liệu realtime
2025-05-21 23:38:53,548 - __main__ - INFO - Hoàn thành cập nhật dữ liệu realtime
2025-05-21 23:39:53,923 - __main__ - INFO - Bắt đầu cập nhật dữ liệu realtime
2025-05-21 23:40:01,425 - __main__ - INFO - Hoàn thành cập nhật dữ liệu realtime
2025-05-21 23:41:01,884 - __main__ - INFO - Bắt đầu cập nhật dữ liệu realtime
2025-05-21 23:41:09,236 - __main__ - INFO - Hoàn thành cập nhật dữ liệu realtime
2025-05-21 23:42:09,665 - __main__ - INFO - Bắt đầu cập nhật dữ liệu realtime
2025-05-21 23:42:16,884 - __main__ - INFO - Hoàn thành cập nhật dữ liệu realtime
2025-05-21 23:43:17,242 - __main__ - INFO - Bắt đầu cập nhật dữ liệu realtime
2025-05-21 23:43:24,729 - __main__ - INFO - Hoàn thành cập nhật dữ liệu realtime
2025-05-21 23:44:25,102 - __main__ - INFO - Bắt đầu cập nhật dữ liệu realtime
2025-05-21 23:44:32,740 - __main__ - INFO - Hoàn thành cập nhật dữ liệu realtime
2025-05-21 23:45:33,126 - __main__ - INFO - Bắt đầu cập nhật dữ liệu realtime
2025-05-21 23:45:40,820 - __main__ - INFO - Hoàn thành cập nhật dữ liệu realtime
2025-05-21 23:46:41,268 - __main__ - INFO - Bắt đầu cập nhật dữ liệu realtime
2025-05-21 23:46:48,728 - __main__ - INFO - Hoàn thành cập nhật dữ liệu realtime
2025-05-21 23:47:23,960 - __main__ - INFO - Bắt đầu tạo báo cáo và biểu đồ
2025-05-21 23:47:31,667 - __main__ - INFO - Hoàn thành tạo báo cáo và biểu đồ
2025-05-21 23:47:31,668 - __main__ - INFO - Bắt đầu đẩy dữ liệu lên GitHub
2025-05-21 23:47:39,318 - __main__ - INFO - Đã đẩy dữ liệu lên GitHub thành công lúc 2025-05-21 23:47:32
2025-05-21 23:47:49,380 - __main__ - INFO - Bắt đầu cập nhật dữ liệu realtime
2025-05-21 23:47:56,835 - __main__ - INFO - Hoàn thành cập nhật dữ liệu realtime
2025-05-21 23:48:57,297 - __main__ - INFO - Bắt đầu cập nhật dữ liệu realtime
2025-05-21 23:49:04,763 - __main__ - INFO - Hoàn thành cập nhật dữ liệu realtime
2025-05-21 23:50:00,106 - __main__ - INFO - Bắt đầu phát hiện bất thường
2025-05-21 23:50:23,866 - __main__ - INFO - Hoàn thành phát hiện bất thường
2025-05-21 23:50:24,870 - __main__ - INFO - Bắt đầu cập nhật dữ liệu realtime
2025-05-21 23:50:32,132 - __main__ - INFO - Hoàn thành cập nhật dữ liệu realtime
2025-05-21 23:51:32,545 - __main__ - INFO - Bắt đầu cập nhật dữ liệu realtime
2025-05-21 23:51:39,835 - __main__ - INFO - Hoàn thành cập nhật dữ liệu realtime
2025-05-21 23:52:40,264 - __main__ - INFO - Bắt đầu cập nhật dữ liệu realtime
2025-05-21 23:52:47,257 - __main__ - INFO - Hoàn thành cập nhật dữ liệu realtime
2025-05-21 23:53:47,644 - __main__ - INFO - Bắt đầu cập nhật dữ liệu realtime
2025-05-21 23:53:54,666 - __main__ - INFO - Hoàn thành cập nhật dữ liệu realtime
2025-05-21 23:54:55,103 - __main__ - INFO - Bắt đầu cập nhật dữ liệu realtime
2025-05-21 23:55:02,258 - __main__ - INFO - Hoàn thành cập nhật dữ liệu realtime
2025-05-21 23:56:02,642 - __main__ - INFO - Bắt đầu cập nhật dữ liệu realtime
2025-05-21 23:56:10,062 - __main__ - INFO - Hoàn thành cập nhật dữ liệu realtime
2025-05-21 23:57:10,473 - __main__ - INFO - Bắt đầu cập nhật dữ liệu realtime
2025-05-21 23:57:17,780 - __main__ - INFO - Hoàn thành cập nhật dữ liệu realtime
2025-05-21 23:58:18,291 - __main__ - INFO - Bắt đầu cập nhật dữ liệu realtime
2025-05-21 23:58:25,405 - __main__ - INFO - Hoàn thành cập nhật dữ liệu realtime
2025-05-21 23:59:25,872 - __main__ - INFO - Bắt đầu cập nhật dữ liệu realtime
2025-05-21 23:59:33,210 - __main__ - INFO - Hoàn thành cập nhật dữ liệu realtime
2025-05-22 00:00:33,659 - __main__ - INFO - Bắt đầu cập nhật dữ liệu realtime
2025-05-22 00:00:40,697 - __main__ - INFO - Hoàn thành cập nhật dữ liệu realtime
2025-05-22 00:01:41,157 - __main__ - INFO - Bắt đầu cập nhật dữ liệu realtime
2025-05-22 00:01:48,387 - __main__ - INFO - Hoàn thành cập nhật dữ liệu realtime
2025-05-22 00:02:48,828 - __main__ - INFO - Bắt đầu cập nhật dữ liệu realtime
2025-05-22 00:02:56,202 - __main__ - INFO - Hoàn thành cập nhật dữ liệu realtime
2025-05-22 00:03:56,670 - __main__ - INFO - Bắt đầu cập nhật dữ liệu realtime
2025-05-22 00:04:03,817 - __main__ - INFO - Hoàn thành cập nhật dữ liệu realtime
2025-05-22 00:05:00,331 - __main__ - INFO - Bắt đầu thu thập dữ liệu lịch sử
2025-05-22 00:08:43,206 - __main__ - INFO - Hoàn thành thu thập dữ liệu lịch sử
2025-05-22 00:08:44,221 - __main__ - INFO - Bắt đầu cập nhật dữ liệu realtime
2025-05-22 00:08:51,288 - __main__ - INFO - Hoàn thành cập nhật dữ liệu realtime
2025-05-22 00:08:51,289 - __main__ - INFO - Bắt đầu phát hiện bất thường
2025-05-22 00:10:24,741 - __main__ - INFO - Hoàn thành phát hiện bất thường
2025-05-22 00:10:25,753 - __main__ - INFO - Bắt đầu cập nhật dữ liệu realtime
2025-05-22 00:10:32,857 - __main__ - INFO - Hoàn thành cập nhật dữ liệu realtime
2025-05-22 00:11:33,343 - __main__ - INFO - Bắt đầu cập nhật dữ liệu realtime
2025-05-22 00:11:40,501 - __main__ - INFO - Hoàn thành cập nhật dữ liệu realtime
2025-05-22 00:12:41,045 - __main__ - INFO - Bắt đầu cập nhật dữ liệu realtime
2025-05-22 00:12:48,257 - __main__ - INFO - Hoàn thành cập nhật dữ liệu realtime
2025-05-22 00:13:48,771 - __main__ - INFO - Bắt đầu cập nhật dữ liệu realtime
2025-05-22 00:13:55,799 - __main__ - INFO - Hoàn thành cập nhật dữ liệu realtime
2025-05-22 00:14:56,362 - __main__ - INFO - Bắt đầu cập nhật dữ liệu realtime
2025-05-22 00:15:03,666 - __main__ - INFO - Hoàn thành cập nhật dữ liệu realtime
2025-05-22 00:16:04,104 - __main__ - INFO - Bắt đầu cập nhật dữ liệu realtime
2025-05-22 00:16:11,548 - __main__ - INFO - Hoàn thành cập nhật dữ liệu realtime
2025-05-22 00:17:12,086 - __main__ - INFO - Bắt đầu cập nhật dữ liệu realtime
2025-05-22 00:17:19,444 - __main__ - INFO - Hoàn thành cập nhật dữ liệu realtime
2025-05-22 00:18:19,909 - __main__ - INFO - Bắt đầu cập nhật dữ liệu realtime
2025-05-22 00:18:27,074 - __main__ - INFO - Hoàn thành cập nhật dữ liệu realtime
2025-05-22 00:19:27,553 - __main__ - INFO - Bắt đầu cập nhật dữ liệu realtime
2025-05-22 00:23:00,559 - __main__ - INFO - Hoàn thành cập nhật dữ liệu realtime
2025-05-22 00:24:01,080 - __main__ - INFO - Bắt đầu cập nhật dữ liệu realtime
2025-05-22 00:27:34,036 - __main__ - INFO - Hoàn thành cập nhật dữ liệu realtime
2025-05-22 00:27:35,050 - __main__ - INFO - Bắt đầu phát hiện bất thường
2025-05-22 00:28:59,995 - __main__ - INFO - Hoàn thành phát hiện bất thường
2025-05-22 00:29:00,999 - __main__ - INFO - Bắt đầu cập nhật dữ liệu realtime
2025-05-22 00:32:33,954 - __main__ - INFO - Hoàn thành cập nhật dữ liệu realtime
2025-05-22 00:33:34,395 - __main__ - INFO - Bắt đầu cập nhật dữ liệu realtime
2025-05-22 00:37:08,247 - __main__ - INFO - Hoàn thành cập nhật dữ liệu realtime
2025-05-22 00:38:08,741 - __main__ - INFO - Bắt đầu cập nhật dữ liệu realtime
2025-05-22 00:41:41,693 - __main__ - INFO - Hoàn thành cập nhật dữ liệu realtime
2025-05-22 00:42:42,162 - __main__ - INFO - Bắt đầu cập nhật dữ liệu realtime
2025-05-22 00:46:15,157 - __main__ - INFO - Hoàn thành cập nhật dữ liệu realtime
2025-05-22 00:46:16,171 - __main__ - INFO - Bắt đầu phát hiện bất thường
2025-05-22 00:47:41,111 - __main__ - INFO - Hoàn thành phát hiện bất thường
2025-05-22 00:47:42,115 - __main__ - INFO - Bắt đầu cập nhật dữ liệu realtime
2025-05-22 00:51:15,020 - __main__ - INFO - Hoàn thành cập nhật dữ liệu realtime
2025-05-22 00:51:15,021 - __main__ - INFO - Bắt đầu tạo báo cáo và biểu đồ
2025-05-22 00:51:22,678 - __main__ - INFO - Hoàn thành tạo báo cáo và biểu đồ
2025-05-22 00:51:22,678 - __main__ - INFO - Bắt đầu đẩy dữ liệu lên GitHub
2025-05-22 00:51:44,842 - __main__ - ERROR - Lỗi khi đẩy dữ liệu lên GitHub: Command '['git', 'push']' returned non-zero exit status 128.
2025-05-22 00:52:15,109 - __main__ - INFO - Bắt đầu cập nhật dữ liệu realtime
2025-05-22 00:55:48,069 - __main__ - INFO - Hoàn thành cập nhật dữ liệu realtime
2025-05-22 00:56:48,478 - __main__ - INFO - Bắt đầu cập nhật dữ liệu realtime
2025-05-22 01:00:21,439 - __main__ - INFO - Hoàn thành cập nhật dữ liệu realtime
2025-05-22 01:01:21,954 - __main__ - INFO - Bắt đầu cập nhật dữ liệu realtime
2025-05-22 01:04:54,854 - __main__ - INFO - Hoàn thành cập nhật dữ liệu realtime
2025-05-22 01:04:55,869 - __main__ - INFO - Bắt đầu phát hiện bất thường
2025-05-22 01:06:20,770 - __main__ - INFO - Hoàn thành phát hiện bất thường
2025-05-22 01:06:21,777 - __main__ - INFO - Bắt đầu cập nhật dữ liệu realtime
2025-05-22 01:09:55,787 - __main__ - INFO - Hoàn thành cập nhật dữ liệu realtime
2025-05-22 01:10:56,254 - __main__ - INFO - Bắt đầu cập nhật dữ liệu realtime
2025-05-22 01:14:29,199 - __main__ - INFO - Hoàn thành cập nhật dữ liệu realtime
2025-05-22 01:15:29,635 - __main__ - INFO - Bắt đầu cập nhật dữ liệu realtime
2025-05-22 01:19:02,641 - __main__ - INFO - Hoàn thành cập nhật dữ liệu realtime
2025-05-22 01:20:03,119 - __main__ - INFO - Bắt đầu cập nhật dữ liệu realtime
2025-05-22 01:23:36,081 - __main__ - INFO - Hoàn thành cập nhật dữ liệu realtime
2025-05-22 01:23:37,092 - __main__ - INFO - Bắt đầu phát hiện bất thường
2025-05-22 01:25:02,005 - __main__ - INFO - Hoàn thành phát hiện bất thường
2025-05-22 01:25:03,020 - __main__ - INFO - Bắt đầu cập nhật dữ liệu realtime
2025-05-22 01:28:35,972 - __main__ - INFO - Hoàn thành cập nhật dữ liệu realtime
2025-05-22 01:29:36,430 - __main__ - INFO - Bắt đầu cập nhật dữ liệu realtime
2025-05-22 01:33:09,425 - __main__ - INFO - Hoàn thành cập nhật dữ liệu realtime
2025-05-22 01:34:09,952 - __main__ - INFO - Bắt đầu cập nhật dữ liệu realtime
2025-05-22 01:37:42,869 - __main__ - INFO - Hoàn thành cập nhật dữ liệu realtime
2025-05-22 01:38:43,345 - __main__ - INFO - Bắt đầu cập nhật dữ liệu realtime
2025-05-22 01:42:16,237 - __main__ - INFO - Hoàn thành cập nhật dữ liệu realtime
2025-05-22 01:42:17,248 - __main__ - INFO - Bắt đầu phát hiện bất thường
2025-05-22 01:43:42,169 - __main__ - INFO - Hoàn thành phát hiện bất thường
2025-05-22 01:43:43,177 - __main__ - INFO - Bắt đầu cập nhật dữ liệu realtime
2025-05-22 01:47:16,183 - __main__ - INFO - Hoàn thành cập nhật dữ liệu realtime
2025-05-22 01:48:16,679 - __main__ - INFO - Bắt đầu cập nhật dữ liệu realtime
2025-05-22 01:51:49,483 - __main__ - INFO - Hoàn thành cập nhật dữ liệu realtime
2025-05-22 01:51:50,489 - __main__ - INFO - Bắt đầu tạo báo cáo và biểu đồ
2025-05-22 01:51:58,344 - __main__ - INFO - Hoàn thành tạo báo cáo và biểu đồ
2025-05-22 01:51:58,344 - __main__ - INFO - Bắt đầu đẩy dữ liệu lên GitHub
2025-05-22 01:52:20,362 - __main__ - ERROR - Lỗi khi đẩy dữ liệu lên GitHub: Command '['git', 'push']' returned non-zero exit status 128.
2025-05-22 01:52:49,592 - __main__ - INFO - Bắt đầu cập nhật dữ liệu realtime
2025-05-22 01:56:22,525 - __main__ - INFO - Hoàn thành cập nhật dữ liệu realtime
2025-05-22 01:57:23,034 - __main__ - INFO - Bắt đầu cập nhật dữ liệu realtime
2025-05-22 02:00:55,953 - __main__ - INFO - Hoàn thành cập nhật dữ liệu realtime
2025-05-22 02:00:56,967 - __main__ - INFO - Bắt đầu phát hiện bất thường
2025-05-22 02:02:21,922 - __main__ - INFO - Hoàn thành phát hiện bất thường
2025-05-22 02:02:22,927 - __main__ - INFO - Bắt đầu cập nhật dữ liệu realtime
2025-05-22 02:05:55,847 - __main__ - INFO - Hoàn thành cập nhật dữ liệu realtime
2025-05-22 02:06:56,307 - __main__ - INFO - Bắt đầu cập nhật dữ liệu realtime
2025-05-22 02:10:29,258 - __main__ - INFO - Hoàn thành cập nhật dữ liệu realtime
2025-05-22 02:11:29,766 - __main__ - INFO - Bắt đầu cập nhật dữ liệu realtime
2025-05-22 02:15:02,689 - __main__ - INFO - Hoàn thành cập nhật dữ liệu realtime
2025-05-22 02:16:03,159 - __main__ - INFO - Bắt đầu cập nhật dữ liệu realtime
2025-05-22 02:19:36,085 - __main__ - INFO - Hoàn thành cập nhật dữ liệu realtime
2025-05-22 02:19:37,099 - __main__ - INFO - Bắt đầu phát hiện bất thường
2025-05-22 02:21:01,945 - __main__ - INFO - Hoàn thành phát hiện bất thường
2025-05-22 02:21:02,954 - __main__ - INFO - Bắt đầu cập nhật dữ liệu realtime
2025-05-22 02:24:36,985 - __main__ - INFO - Hoàn thành cập nhật dữ liệu realtime
2025-05-22 02:25:37,439 - __main__ - INFO - Bắt đầu cập nhật dữ liệu realtime
2025-05-22 02:29:10,332 - __main__ - INFO - Hoàn thành cập nhật dữ liệu realtime
2025-05-22 02:30:10,792 - __main__ - INFO - Bắt đầu cập nhật dữ liệu realtime
2025-05-22 02:33:43,787 - __main__ - INFO - Hoàn thành cập nhật dữ liệu realtime
2025-05-22 02:34:44,253 - __main__ - INFO - Bắt đầu cập nhật dữ liệu realtime
2025-05-22 02:38:17,171 - __main__ - INFO - Hoàn thành cập nhật dữ liệu realtime
2025-05-22 02:38:18,178 - __main__ - INFO - Bắt đầu phát hiện bất thường
2025-05-22 02:39:43,035 - __main__ - INFO - Hoàn thành phát hiện bất thường
2025-05-22 02:39:44,036 - __main__ - INFO - Bắt đầu cập nhật dữ liệu realtime
2025-05-22 02:43:16,982 - __main__ - INFO - Hoàn thành cập nhật dữ liệu realtime
2025-05-22 02:44:17,462 - __main__ - INFO - Bắt đầu cập nhật dữ liệu realtime
2025-05-22 02:47:50,402 - __main__ - INFO - Hoàn thành cập nhật dữ liệu realtime
2025-05-22 02:48:50,896 - __main__ - INFO - Bắt đầu cập nhật dữ liệu realtime
2025-05-22 02:52:23,796 - __main__ - INFO - Hoàn thành cập nhật dữ liệu realtime
2025-05-22 02:52:24,807 - __main__ - INFO - Bắt đầu tạo báo cáo và biểu đồ
2025-05-22 02:52:32,398 - __main__ - INFO - Hoàn thành tạo báo cáo và biểu đồ
2025-05-22 02:52:32,398 - __main__ - INFO - Bắt đầu đẩy dữ liệu lên GitHub
2025-05-22 02:52:54,427 - __main__ - ERROR - Lỗi khi đẩy dữ liệu lên GitHub: Command '['git', 'push']' returned non-zero exit status 128.
2025-05-22 02:53:24,669 - __main__ - INFO - Bắt đầu cập nhật dữ liệu realtime
2025-05-22 02:56:57,756 - __main__ - INFO - Hoàn thành cập nhật dữ liệu realtime
2025-05-22 02:56:58,765 - __main__ - INFO - Bắt đầu phát hiện bất thường
2025-05-22 02:58:23,743 - __main__ - INFO - Hoàn thành phát hiện bất thường
2025-05-22 02:58:24,747 - __main__ - INFO - Bắt đầu cập nhật dữ liệu realtime
2025-05-22 03:01:57,762 - __main__ - INFO - Hoàn thành cập nhật dữ liệu realtime
2025-05-22 03:02:58,254 - __main__ - INFO - Bắt đầu cập nhật dữ liệu realtime
2025-05-22 03:06:31,282 - __main__ - INFO - Hoàn thành cập nhật dữ liệu realtime
2025-05-22 03:07:31,754 - __main__ - INFO - Bắt đầu cập nhật dữ liệu realtime
2025-05-22 03:11:04,737 - __main__ - INFO - Hoàn thành cập nhật dữ liệu realtime
2025-05-22 03:12:05,208 - __main__ - INFO - Bắt đầu cập nhật dữ liệu realtime
2025-05-22 03:15:38,135 - __main__ - INFO - Hoàn thành cập nhật dữ liệu realtime
2025-05-22 03:15:39,147 - __main__ - INFO - Bắt đầu phát hiện bất thường
2025-05-22 03:17:04,075 - __main__ - INFO - Hoàn thành phát hiện bất thường
2025-05-22 03:17:05,091 - __main__ - INFO - Bắt đầu cập nhật dữ liệu realtime
2025-05-22 03:20:37,983 - __main__ - INFO - Hoàn thành cập nhật dữ liệu realtime
2025-05-22 03:21:38,421 - __main__ - INFO - Bắt đầu cập nhật dữ liệu realtime
2025-05-22 03:25:11,410 - __main__ - INFO - Hoàn thành cập nhật dữ liệu realtime
2025-05-22 03:26:11,945 - __main__ - INFO - Bắt đầu cập nhật dữ liệu realtime
2025-05-22 03:29:44,849 - __main__ - INFO - Hoàn thành cập nhật dữ liệu realtime
2025-05-22 03:30:45,349 - __main__ - INFO - Bắt đầu cập nhật dữ liệu realtime
2025-05-22 03:34:18,285 - __main__ - INFO - Hoàn thành cập nhật dữ liệu realtime
2025-05-22 03:34:19,293 - __main__ - INFO - Bắt đầu phát hiện bất thường
2025-05-22 03:35:44,145 - __main__ - INFO - Hoàn thành phát hiện bất thường
2025-05-22 03:35:45,147 - __main__ - INFO - Bắt đầu cập nhật dữ liệu realtime
2025-05-22 03:39:19,721 - __main__ - INFO - Hoàn thành cập nhật dữ liệu realtime
2025-05-22 03:40:20,245 - __main__ - INFO - Bắt đầu cập nhật dữ liệu realtime
2025-05-22 03:43:53,159 - __main__ - INFO - Hoàn thành cập nhật dữ liệu realtime
2025-05-22 03:44:53,589 - __main__ - INFO - Bắt đầu cập nhật dữ liệu realtime
2025-05-22 03:48:26,574 - __main__ - INFO - Hoàn thành cập nhật dữ liệu realtime
2025-05-22 03:49:27,087 - __main__ - INFO - Bắt đầu cập nhật dữ liệu realtime
2025-05-22 03:52:59,991 - __main__ - INFO - Hoàn thành cập nhật dữ liệu realtime
2025-05-22 03:53:01,003 - __main__ - INFO - Bắt đầu phát hiện bất thường
2025-05-22 03:54:25,922 - __main__ - INFO - Hoàn thành phát hiện bất thường
2025-05-22 03:54:25,923 - __main__ - INFO - Bắt đầu tạo báo cáo và biểu đồ
2025-05-22 03:54:33,669 - __main__ - INFO - Hoàn thành tạo báo cáo và biểu đồ
2025-05-22 03:54:33,669 - __main__ - INFO - Bắt đầu đẩy dữ liệu lên GitHub
2025-05-22 03:54:55,635 - __main__ - ERROR - Lỗi khi đẩy dữ liệu lên GitHub: Command '['git', 'push']' returned non-zero exit status 128.
2025-05-22 03:54:56,637 - __main__ - INFO - Bắt đầu cập nhật dữ liệu realtime
2025-05-22 03:58:29,701 - __main__ - INFO - Hoàn thành cập nhật dữ liệu realtime
2025-05-22 03:59:30,217 - __main__ - INFO - Bắt đầu cập nhật dữ liệu realtime
2025-05-22 04:03:03,114 - __main__ - INFO - Hoàn thành cập nhật dữ liệu realtime
2025-05-22 04:04:03,546 - __main__ - INFO - Bắt đầu cập nhật dữ liệu realtime
2025-05-22 04:07:36,507 - __main__ - INFO - Hoàn thành cập nhật dữ liệu realtime
2025-05-22 04:08:37,006 - __main__ - INFO - Bắt đầu cập nhật dữ liệu realtime
2025-05-22 04:12:09,965 - __main__ - INFO - Hoàn thành cập nhật dữ liệu realtime
2025-05-22 04:12:10,976 - __main__ - INFO - Bắt đầu phát hiện bất thường
2025-05-22 04:13:35,888 - __main__ - INFO - Hoàn thành phát hiện bất thường
2025-05-22 04:13:36,901 - __main__ - INFO - Bắt đầu cập nhật dữ liệu realtime
2025-05-22 04:17:09,899 - __main__ - INFO - Hoàn thành cập nhật dữ liệu realtime
2025-05-22 04:18:10,402 - __main__ - INFO - Bắt đầu cập nhật dữ liệu realtime
2025-05-22 04:21:43,407 - __main__ - INFO - Hoàn thành cập nhật dữ liệu realtime
2025-05-22 04:22:43,836 - __main__ - INFO - Bắt đầu cập nhật dữ liệu realtime
2025-05-22 04:26:16,838 - __main__ - INFO - Hoàn thành cập nhật dữ liệu realtime
2025-05-22 04:27:17,338 - __main__ - INFO - Bắt đầu cập nhật dữ liệu realtime
2025-05-22 04:30:50,340 - __main__ - INFO - Hoàn thành cập nhật dữ liệu realtime
2025-05-22 04:30:51,354 - __main__ - INFO - Bắt đầu phát hiện bất thường
2025-05-22 04:32:16,327 - __main__ - INFO - Hoàn thành phát hiện bất thường
2025-05-22 04:32:17,328 - __main__ - INFO - Bắt đầu cập nhật dữ liệu realtime
2025-05-22 04:35:50,328 - __main__ - INFO - Hoàn thành cập nhật dữ liệu realtime
2025-05-22 04:36:50,766 - __main__ - INFO - Bắt đầu cập nhật dữ liệu realtime
2025-05-22 04:40:23,684 - __main__ - INFO - Hoàn thành cập nhật dữ liệu realtime
2025-05-22 04:41:24,174 - __main__ - INFO - Bắt đầu cập nhật dữ liệu realtime
2025-05-22 04:44:57,207 - __main__ - INFO - Hoàn thành cập nhật dữ liệu realtime
2025-05-22 04:45:57,653 - __main__ - INFO - Bắt đầu cập nhật dữ liệu realtime
2025-05-22 04:49:30,618 - __main__ - INFO - Hoàn thành cập nhật dữ liệu realtime
2025-05-22 04:49:31,626 - __main__ - INFO - Bắt đầu phát hiện bất thường
2025-05-22 04:50:56,465 - __main__ - INFO - Hoàn thành phát hiện bất thường
2025-05-22 04:50:57,467 - __main__ - INFO - Bắt đầu cập nhật dữ liệu realtime
2025-05-22 04:54:30,476 - __main__ - INFO - Hoàn thành cập nhật dữ liệu realtime
2025-05-22 04:54:55,678 - __main__ - INFO - Bắt đầu tạo báo cáo và biểu đồ
2025-05-22 04:55:03,309 - __main__ - INFO - Hoàn thành tạo báo cáo và biểu đồ
2025-05-22 04:55:03,309 - __main__ - INFO - Bắt đầu đẩy dữ liệu lên GitHub
2025-05-22 04:55:25,379 - __main__ - ERROR - Lỗi khi đẩy dữ liệu lên GitHub: Command '['git', 'push']' returned non-zero exit status 128.
2025-05-22 04:55:31,437 - __main__ - INFO - Bắt đầu cập nhật dữ liệu realtime
2025-05-22 04:59:04,523 - __main__ - INFO - Hoàn thành cập nhật dữ liệu realtime
2025-05-22 05:00:05,011 - __main__ - INFO - Bắt đầu cập nhật dữ liệu realtime
2025-05-22 05:03:37,893 - __main__ - INFO - Hoàn thành cập nhật dữ liệu realtime
2025-05-22 05:04:38,344 - __main__ - INFO - Bắt đầu cập nhật dữ liệu realtime
2025-05-22 05:08:11,283 - __main__ - INFO - Hoàn thành cập nhật dữ liệu realtime
2025-05-22 05:08:12,293 - __main__ - INFO - Bắt đầu phát hiện bất thường
2025-05-22 05:09:37,226 - __main__ - INFO - Hoàn thành phát hiện bất thường
2025-05-22 05:09:38,235 - __main__ - INFO - Bắt đầu cập nhật dữ liệu realtime
2025-05-22 05:13:11,494 - __main__ - INFO - Hoàn thành cập nhật dữ liệu realtime
2025-05-22 05:14:11,986 - __main__ - INFO - Bắt đầu cập nhật dữ liệu realtime
2025-05-22 05:17:44,918 - __main__ - INFO - Hoàn thành cập nhật dữ liệu realtime
2025-05-22 05:18:45,426 - __main__ - INFO - Bắt đầu cập nhật dữ liệu realtime
2025-05-22 05:22:18,376 - __main__ - INFO - Hoàn thành cập nhật dữ liệu realtime
2025-05-22 05:23:18,809 - __main__ - INFO - Bắt đầu cập nhật dữ liệu realtime
2025-05-22 05:26:51,932 - __main__ - INFO - Hoàn thành cập nhật dữ liệu realtime
2025-05-22 05:26:52,943 - __main__ - INFO - Bắt đầu phát hiện bất thường
2025-05-22 05:28:17,823 - __main__ - INFO - Hoàn thành phát hiện bất thường
2025-05-22 05:28:18,825 - __main__ - INFO - Bắt đầu cập nhật dữ liệu realtime
2025-05-22 05:31:51,793 - __main__ - INFO - Hoàn thành cập nhật dữ liệu realtime
2025-05-22 05:32:52,323 - __main__ - INFO - Bắt đầu cập nhật dữ liệu realtime
2025-05-22 05:36:25,316 - __main__ - INFO - Hoàn thành cập nhật dữ liệu realtime
2025-05-22 05:37:25,796 - __main__ - INFO - Bắt đầu cập nhật dữ liệu realtime
2025-05-22 05:40:58,712 - __main__ - INFO - Hoàn thành cập nhật dữ liệu realtime
2025-05-22 05:41:59,197 - __main__ - INFO - Bắt đầu cập nhật dữ liệu realtime
2025-05-22 05:45:32,146 - __main__ - INFO - Hoàn thành cập nhật dữ liệu realtime
2025-05-22 05:45:33,162 - __main__ - INFO - Bắt đầu phát hiện bất thường
2025-05-22 05:46:58,037 - __main__ - INFO - Hoàn thành phát hiện bất thường
2025-05-22 05:46:59,039 - __main__ - INFO - Bắt đầu cập nhật dữ liệu realtime
2025-05-22 05:50:31,989 - __main__ - INFO - Hoàn thành cập nhật dữ liệu realtime
2025-05-22 05:51:32,500 - __main__ - INFO - Bắt đầu cập nhật dữ liệu realtime
2025-05-22 05:55:05,482 - __main__ - INFO - Hoàn thành cập nhật dữ liệu realtime
2025-05-22 05:55:25,640 - __main__ - INFO - Bắt đầu tạo báo cáo và biểu đồ
2025-05-22 05:55:33,387 - __main__ - INFO - Hoàn thành tạo báo cáo và biểu đồ
2025-05-22 05:55:33,387 - __main__ - INFO - Bắt đầu đẩy dữ liệu lên GitHub
2025-05-22 05:55:55,389 - __main__ - ERROR - Lỗi khi đẩy dữ liệu lên GitHub: Command '['git', 'push']' returned non-zero exit status 128.
2025-05-22 05:56:05,493 - __main__ - INFO - Bắt đầu cập nhật dữ liệu realtime
2025-05-22 05:59:38,429 - __main__ - INFO - Hoàn thành cập nhật dữ liệu realtime
2025-05-22 06:00:38,944 - __main__ - INFO - Bắt đầu cập nhật dữ liệu realtime
2025-05-22 06:04:11,901 - __main__ - INFO - Hoàn thành cập nhật dữ liệu realtime
2025-05-22 06:04:12,902 - __main__ - INFO - Bắt đầu phát hiện bất thường
2025-05-22 06:05:37,850 - __main__ - INFO - Hoàn thành phát hiện bất thường
2025-05-22 06:05:38,855 - __main__ - INFO - Bắt đầu cập nhật dữ liệu realtime
2025-05-22 06:09:11,878 - __main__ - INFO - Hoàn thành cập nhật dữ liệu realtime
2025-05-22 06:10:12,386 - __main__ - INFO - Bắt đầu cập nhật dữ liệu realtime
2025-05-22 06:13:45,288 - __main__ - INFO - Hoàn thành cập nhật dữ liệu realtime
2025-05-22 06:14:45,764 - __main__ - INFO - Bắt đầu cập nhật dữ liệu realtime
2025-05-22 06:18:18,714 - __main__ - INFO - Hoàn thành cập nhật dữ liệu realtime
2025-05-22 06:19:19,212 - __main__ - INFO - Bắt đầu cập nhật dữ liệu realtime
2025-05-22 06:22:52,224 - __main__ - INFO - Hoàn thành cập nhật dữ liệu realtime
2025-05-22 06:22:53,238 - __main__ - INFO - Bắt đầu phát hiện bất thường
2025-05-22 06:24:18,237 - __main__ - INFO - Hoàn thành phát hiện bất thường
2025-05-22 06:24:19,238 - __main__ - INFO - Bắt đầu cập nhật dữ liệu realtime
2025-05-22 06:27:52,201 - __main__ - INFO - Hoàn thành cập nhật dữ liệu realtime
2025-05-22 06:28:52,726 - __main__ - INFO - Bắt đầu cập nhật dữ liệu realtime
2025-05-22 06:32:25,653 - __main__ - INFO - Hoàn thành cập nhật dữ liệu realtime
2025-05-22 06:33:26,161 - __main__ - INFO - Bắt đầu cập nhật dữ liệu realtime
2025-05-22 06:36:59,188 - __main__ - INFO - Hoàn thành cập nhật dữ liệu realtime
2025-05-22 06:37:59,661 - __main__ - INFO - Bắt đầu cập nhật dữ liệu realtime
2025-05-22 06:41:32,585 - __main__ - INFO - Hoàn thành cập nhật dữ liệu realtime
2025-05-22 06:41:33,589 - __main__ - INFO - Bắt đầu phát hiện bất thường
2025-05-22 06:42:58,550 - __main__ - INFO - Hoàn thành phát hiện bất thường
2025-05-22 06:42:59,556 - __main__ - INFO - Bắt đầu cập nhật dữ liệu realtime
2025-05-22 06:46:32,488 - __main__ - INFO - Hoàn thành cập nhật dữ liệu realtime
2025-05-22 06:47:32,974 - __main__ - INFO - Bắt đầu cập nhật dữ liệu realtime
2025-05-22 06:51:05,859 - __main__ - INFO - Hoàn thành cập nhật dữ liệu realtime
2025-05-22 06:52:06,370 - __main__ - INFO - Bắt đầu cập nhật dữ liệu realtime
2025-05-22 06:55:39,334 - __main__ - INFO - Hoàn thành cập nhật dữ liệu realtime
2025-05-22 06:55:55,464 - __main__ - INFO - Bắt đầu tạo báo cáo và biểu đồ
2025-05-22 06:56:03,422 - __main__ - INFO - Hoàn thành tạo báo cáo và biểu đồ
2025-05-22 06:56:03,423 - __main__ - INFO - Bắt đầu đẩy dữ liệu lên GitHub
2025-05-22 06:56:25,405 - __main__ - ERROR - Lỗi khi đẩy dữ liệu lên GitHub: Command '['git', 'push']' returned non-zero exit status 128.
2025-05-22 06:56:39,491 - __main__ - INFO - Bắt đầu cập nhật dữ liệu realtime
2025-05-22 07:00:12,505 - __main__ - INFO - Hoàn thành cập nhật dữ liệu realtime
2025-05-22 07:00:13,508 - __main__ - INFO - Bắt đầu phát hiện bất thường
2025-05-22 07:01:38,428 - __main__ - INFO - Hoàn thành phát hiện bất thường
2025-05-22 07:01:39,434 - __main__ - INFO - Bắt đầu cập nhật dữ liệu realtime
2025-05-22 07:05:12,451 - __main__ - INFO - Hoàn thành cập nhật dữ liệu realtime
2025-05-22 07:06:12,939 - __main__ - INFO - Bắt đầu cập nhật dữ liệu realtime
2025-05-22 07:09:45,913 - __main__ - INFO - Hoàn thành cập nhật dữ liệu realtime
2025-05-22 07:10:46,392 - __main__ - INFO - Bắt đầu cập nhật dữ liệu realtime
2025-05-22 07:14:19,307 - __main__ - INFO - Hoàn thành cập nhật dữ liệu realtime
2025-05-22 07:15:19,774 - __main__ - INFO - Bắt đầu cập nhật dữ liệu realtime
2025-05-22 07:18:52,736 - __main__ - INFO - Hoàn thành cập nhật dữ liệu realtime
2025-05-22 07:18:53,737 - __main__ - INFO - Bắt đầu phát hiện bất thường
2025-05-22 07:20:18,589 - __main__ - INFO - Hoàn thành phát hiện bất thường
2025-05-22 07:20:19,597 - __main__ - INFO - Bắt đầu cập nhật dữ liệu realtime
2025-05-22 07:23:52,595 - __main__ - INFO - Hoàn thành cập nhật dữ liệu realtime
2025-05-22 07:24:53,074 - __main__ - INFO - Bắt đầu cập nhật dữ liệu realtime
2025-05-22 07:28:25,992 - __main__ - INFO - Hoàn thành cập nhật dữ liệu realtime
2025-05-22 07:29:26,482 - __main__ - INFO - Bắt đầu cập nhật dữ liệu realtime
2025-05-22 07:32:59,391 - __main__ - INFO - Hoàn thành cập nhật dữ liệu realtime
2025-05-22 07:33:59,846 - __main__ - INFO - Bắt đầu cập nhật dữ liệu realtime
2025-05-22 07:37:32,774 - __main__ - INFO - Hoàn thành cập nhật dữ liệu realtime
2025-05-22 07:37:33,790 - __main__ - INFO - Bắt đầu phát hiện bất thường
2025-05-22 07:38:58,688 - __main__ - INFO - Hoàn thành phát hiện bất thường
2025-05-22 07:38:59,689 - __main__ - INFO - Bắt đầu cập nhật dữ liệu realtime
2025-05-22 07:42:32,668 - __main__ - INFO - Hoàn thành cập nhật dữ liệu realtime
2025-05-22 07:43:33,086 - __main__ - INFO - Bắt đầu cập nhật dữ liệu realtime
2025-05-22 07:47:06,001 - __main__ - INFO - Hoàn thành cập nhật dữ liệu realtime
2025-05-22 07:48:06,443 - __main__ - INFO - Bắt đầu cập nhật dữ liệu realtime
2025-05-22 07:51:39,393 - __main__ - INFO - Hoàn thành cập nhật dữ liệu realtime
2025-05-22 07:52:39,776 - __main__ - INFO - Bắt đầu cập nhật dữ liệu realtime
2025-05-22 07:56:12,778 - __main__ - INFO - Hoàn thành cập nhật dữ liệu realtime
2025-05-22 07:56:13,788 - __main__ - INFO - Bắt đầu phát hiện bất thường
2025-05-22 07:57:38,733 - __main__ - INFO - Hoàn thành phát hiện bất thường
2025-05-22 07:57:39,737 - __main__ - INFO - Bắt đầu tạo báo cáo và biểu đồ
2025-05-22 07:57:47,358 - __main__ - INFO - Hoàn thành tạo báo cáo và biểu đồ
2025-05-22 07:57:47,359 - __main__ - INFO - Bắt đầu đẩy dữ liệu lên GitHub
2025-05-22 07:58:09,284 - __main__ - ERROR - Lỗi khi đẩy dữ liệu lên GitHub: Command '['git', 'push']' returned non-zero exit status 128.
2025-05-22 07:58:09,285 - __main__ - INFO - Bắt đầu cập nhật dữ liệu realtime
2025-05-22 08:01:42,315 - __main__ - INFO - Hoàn thành cập nhật dữ liệu realtime
2025-05-22 08:02:42,778 - __main__ - INFO - Bắt đầu cập nhật dữ liệu realtime
2025-05-22 08:06:15,691 - __main__ - INFO - Hoàn thành cập nhật dữ liệu realtime
2025-05-22 08:07:16,166 - __main__ - INFO - Bắt đầu cập nhật dữ liệu realtime
2025-05-22 08:10:49,096 - __main__ - INFO - Hoàn thành cập nhật dữ liệu realtime
2025-05-22 08:11:49,553 - __main__ - INFO - Bắt đầu cập nhật dữ liệu realtime
2025-05-22 08:15:22,489 - __main__ - INFO - Hoàn thành cập nhật dữ liệu realtime
2025-05-22 08:15:23,502 - __main__ - INFO - Bắt đầu phát hiện bất thường
2025-05-22 08:16:48,458 - __main__ - INFO - Hoàn thành phát hiện bất thường
2025-05-22 08:16:49,459 - __main__ - INFO - Bắt đầu cập nhật dữ liệu realtime
2025-05-22 08:20:22,449 - __main__ - INFO - Hoàn thành cập nhật dữ liệu realtime
2025-05-22 08:21:22,892 - __main__ - INFO - Bắt đầu cập nhật dữ liệu realtime
2025-05-22 08:24:55,862 - __main__ - INFO - Hoàn thành cập nhật dữ liệu realtime
2025-05-22 08:25:56,331 - __main__ - INFO - Bắt đầu cập nhật dữ liệu realtime
2025-05-22 08:29:29,318 - __main__ - INFO - Hoàn thành cập nhật dữ liệu realtime
2025-05-22 08:30:29,782 - __main__ - INFO - Bắt đầu cập nhật dữ liệu realtime
2025-05-22 08:34:02,716 - __main__ - INFO - Hoàn thành cập nhật dữ liệu realtime
2025-05-22 08:34:03,727 - __main__ - INFO - Bắt đầu phát hiện bất thường
2025-05-22 08:35:28,646 - __main__ - INFO - Hoàn thành phát hiện bất thường
2025-05-22 08:35:29,662 - __main__ - INFO - Bắt đầu cập nhật dữ liệu realtime
2025-05-22 08:39:02,719 - __main__ - INFO - Hoàn thành cập nhật dữ liệu realtime
2025-05-22 08:40:03,169 - __main__ - INFO - Bắt đầu cập nhật dữ liệu realtime
2025-05-22 08:43:36,063 - __main__ - INFO - Hoàn thành cập nhật dữ liệu realtime
2025-05-22 08:44:36,445 - __main__ - INFO - Bắt đầu cập nhật dữ liệu realtime
2025-05-22 08:48:09,440 - __main__ - INFO - Hoàn thành cập nhật dữ liệu realtime
2025-05-22 08:49:09,957 - __main__ - INFO - Bắt đầu cập nhật dữ liệu realtime
2025-05-22 08:52:42,965 - __main__ - INFO - Hoàn thành cập nhật dữ liệu realtime
2025-05-22 08:52:43,977 - __main__ - INFO - Bắt đầu phát hiện bất thường
2025-05-22 08:54:08,902 - __main__ - INFO - Hoàn thành phát hiện bất thường
2025-05-22 08:54:09,916 - __main__ - INFO - Bắt đầu cập nhật dữ liệu realtime
2025-05-22 08:57:42,895 - __main__ - INFO - Hoàn thành cập nhật dữ liệu realtime
2025-05-22 08:58:10,107 - __main__ - INFO - Bắt đầu tạo báo cáo và biểu đồ
2025-05-22 08:58:17,951 - __main__ - INFO - Hoàn thành tạo báo cáo và biểu đồ
2025-05-22 08:58:17,952 - __main__ - INFO - Bắt đầu đẩy dữ liệu lên GitHub
2025-05-22 08:58:39,969 - __main__ - ERROR - Lỗi khi đẩy dữ liệu lên GitHub: Command '['git', 'push']' returned non-zero exit status 128.
2025-05-22 08:58:43,008 - __main__ - INFO - Bắt đầu cập nhật dữ liệu realtime
2025-05-22 09:02:16,051 - __main__ - INFO - Hoàn thành cập nhật dữ liệu realtime
2025-05-22 09:03:16,510 - __main__ - INFO - Bắt đầu cập nhật dữ liệu realtime
2025-05-22 09:06:50,512 - __main__ - INFO - Hoàn thành cập nhật dữ liệu realtime
2025-05-22 09:07:51,039 - __main__ - INFO - Bắt đầu cập nhật dữ liệu realtime
2025-05-22 09:11:24,073 - __main__ - INFO - Hoàn thành cập nhật dữ liệu realtime
2025-05-22 09:11:25,090 - __main__ - INFO - Bắt đầu phát hiện bất thường
2025-05-22 09:12:50,020 - __main__ - INFO - Hoàn thành phát hiện bất thường
2025-05-22 09:12:51,025 - __main__ - INFO - Bắt đầu cập nhật dữ liệu realtime
2025-05-22 09:16:23,904 - __main__ - INFO - Hoàn thành cập nhật dữ liệu realtime
2025-05-22 09:17:24,365 - __main__ - INFO - Bắt đầu cập nhật dữ liệu realtime
2025-05-22 09:20:57,393 - __main__ - INFO - Hoàn thành cập nhật dữ liệu realtime
2025-05-22 09:21:57,886 - __main__ - INFO - Bắt đầu cập nhật dữ liệu realtime
2025-05-22 09:25:30,825 - __main__ - INFO - Hoàn thành cập nhật dữ liệu realtime
2025-05-22 09:26:31,273 - __main__ - INFO - Bắt đầu cập nhật dữ liệu realtime
2025-05-22 09:30:04,237 - __main__ - INFO - Hoàn thành cập nhật dữ liệu realtime
2025-05-22 09:30:05,253 - __main__ - INFO - Bắt đầu phát hiện bất thường
2025-05-22 09:31:30,147 - __main__ - INFO - Hoàn thành phát hiện bất thường
2025-05-22 09:31:31,151 - __main__ - INFO - Bắt đầu cập nhật dữ liệu realtime
2025-05-22 09:35:04,157 - __main__ - INFO - Hoàn thành cập nhật dữ liệu realtime
2025-05-22 09:36:04,644 - __main__ - INFO - Bắt đầu cập nhật dữ liệu realtime
2025-05-22 09:39:38,620 - __main__ - INFO - Hoàn thành cập nhật dữ liệu realtime
2025-05-22 09:40:39,107 - __main__ - INFO - Bắt đầu cập nhật dữ liệu realtime
2025-05-22 09:44:12,000 - __main__ - INFO - Hoàn thành cập nhật dữ liệu realtime
2025-05-22 09:45:12,453 - __main__ - INFO - Bắt đầu cập nhật dữ liệu realtime
2025-05-22 09:48:45,409 - __main__ - INFO - Hoàn thành cập nhật dữ liệu realtime
2025-05-22 09:48:46,415 - __main__ - INFO - Bắt đầu phát hiện bất thường
2025-05-22 09:50:11,305 - __main__ - INFO - Hoàn thành phát hiện bất thường
2025-05-22 09:50:12,315 - __main__ - INFO - Bắt đầu cập nhật dữ liệu realtime
2025-05-22 09:53:45,307 - __main__ - INFO - Hoàn thành cập nhật dữ liệu realtime
2025-05-22 09:54:45,777 - __main__ - INFO - Bắt đầu cập nhật dữ liệu realtime
2025-05-22 09:58:18,720 - __main__ - INFO - Hoàn thành cập nhật dữ liệu realtime
2025-05-22 09:58:40,899 - __main__ - INFO - Bắt đầu tạo báo cáo và biểu đồ
2025-05-22 09:58:48,696 - __main__ - INFO - Hoàn thành tạo báo cáo và biểu đồ
2025-05-22 09:58:48,697 - __main__ - INFO - Bắt đầu đẩy dữ liệu lên GitHub
2025-05-22 09:59:10,658 - __main__ - ERROR - Lỗi khi đẩy dữ liệu lên GitHub: Command '['git', 'push']' returned non-zero exit status 128.
2025-05-22 09:59:19,726 - __main__ - INFO - Bắt đầu cập nhật dữ liệu realtime
2025-05-22 10:02:52,707 - __main__ - INFO - Hoàn thành cập nhật dữ liệu realtime
2025-05-22 10:03:53,248 - __main__ - INFO - Bắt đầu cập nhật dữ liệu realtime
2025-05-22 10:07:26,202 - __main__ - INFO - Hoàn thành cập nhật dữ liệu realtime
2025-05-22 10:07:27,214 - __main__ - INFO - Bắt đầu phát hiện bất thường
2025-05-22 10:08:52,107 - __main__ - INFO - Hoàn thành phát hiện bất thường
2025-05-22 10:08:53,111 - __main__ - INFO - Bắt đầu cập nhật dữ liệu realtime
2025-05-22 10:12:26,086 - __main__ - INFO - Hoàn thành cập nhật dữ liệu realtime
2025-05-22 10:13:26,530 - __main__ - INFO - Bắt đầu cập nhật dữ liệu realtime
2025-05-22 10:15:35,110 - __main__ - INFO - Hoàn thành cập nhật dữ liệu realtime
2025-05-22 10:16:35,553 - __main__ - INFO - Bắt đầu cập nhật dữ liệu realtime
2025-05-22 10:16:42,778 - __main__ - INFO - Hoàn thành cập nhật dữ liệu realtime
2025-05-22 10:17:43,176 - __main__ - INFO - Bắt đầu cập nhật dữ liệu realtime
2025-05-22 10:17:50,400 - __main__ - INFO - Hoàn thành cập nhật dữ liệu realtime
2025-05-22 10:18:50,778 - __main__ - INFO - Bắt đầu cập nhật dữ liệu realtime
2025-05-22 10:18:58,139 - __main__ - INFO - Hoàn thành cập nhật dữ liệu realtime
2025-05-22 10:19:58,591 - __main__ - INFO - Bắt đầu cập nhật dữ liệu realtime
2025-05-22 10:20:05,915 - __main__ - INFO - Hoàn thành cập nhật dữ liệu realtime
2025-05-22 10:21:06,314 - __main__ - INFO - Bắt đầu cập nhật dữ liệu realtime
2025-05-22 10:21:13,628 - __main__ - INFO - Hoàn thành cập nhật dữ liệu realtime
2025-05-22 10:22:14,041 - __main__ - INFO - Bắt đầu cập nhật dữ liệu realtime
2025-05-22 10:22:22,239 - __main__ - INFO - Hoàn thành cập nhật dữ liệu realtime
2025-05-22 10:23:22,660 - __main__ - INFO - Bắt đầu cập nhật dữ liệu realtime
2025-05-22 10:23:29,860 - __main__ - INFO - Hoàn thành cập nhật dữ liệu realtime
2025-05-22 10:23:53,044 - __main__ - INFO - Bắt đầu phát hiện bất thường
2025-05-22 10:25:28,422 - __main__ - INFO - Hoàn thành phát hiện bất thường
2025-05-22 10:25:29,434 - __main__ - INFO - Bắt đầu cập nhật dữ liệu realtime
2025-05-22 10:25:36,778 - __main__ - INFO - Hoàn thành cập nhật dữ liệu realtime
2025-05-22 10:26:37,218 - __main__ - INFO - Bắt đầu cập nhật dữ liệu realtime
2025-05-22 10:26:44,594 - __main__ - INFO - Hoàn thành cập nhật dữ liệu realtime
2025-05-22 10:27:45,056 - __main__ - INFO - Bắt đầu cập nhật dữ liệu realtime
2025-05-22 10:27:53,007 - __main__ - INFO - Hoàn thành cập nhật dữ liệu realtime
2025-05-22 10:28:53,427 - __main__ - INFO - Bắt đầu cập nhật dữ liệu realtime
2025-05-22 10:29:00,767 - __main__ - INFO - Hoàn thành cập nhật dữ liệu realtime
2025-05-22 10:30:01,224 - __main__ - INFO - Bắt đầu cập nhật dữ liệu realtime
2025-05-22 10:30:09,464 - __main__ - INFO - Hoàn thành cập nhật dữ liệu realtime
2025-05-22 10:31:09,976 - __main__ - INFO - Bắt đầu cập nhật dữ liệu realtime
2025-05-22 10:31:17,449 - __main__ - INFO - Hoàn thành cập nhật dữ liệu realtime
2025-05-22 10:32:18,052 - __main__ - INFO - Bắt đầu cập nhật dữ liệu realtime
2025-05-22 10:32:25,451 - __main__ - INFO - Hoàn thành cập nhật dữ liệu realtime
2025-05-22 10:33:26,018 - __main__ - INFO - Bắt đầu cập nhật dữ liệu realtime
2025-05-22 10:33:33,804 - __main__ - INFO - Hoàn thành cập nhật dữ liệu realtime
2025-05-22 10:34:34,350 - __main__ - INFO - Bắt đầu cập nhật dữ liệu realtime
2025-05-22 10:34:44,437 - __main__ - INFO - Hoàn thành cập nhật dữ liệu realtime
2025-05-22 10:35:44,944 - __main__ - INFO - Bắt đầu cập nhật dữ liệu realtime
2025-05-22 10:35:52,357 - __main__ - INFO - Hoàn thành cập nhật dữ liệu realtime
2025-05-22 10:36:52,920 - __main__ - INFO - Bắt đầu cập nhật dữ liệu realtime
2025-05-22 10:37:00,831 - __main__ - INFO - Hoàn thành cập nhật dữ liệu realtime
2025-05-22 10:38:01,302 - __main__ - INFO - Bắt đầu cập nhật dữ liệu realtime
2025-05-22 10:38:08,935 - __main__ - INFO - Hoàn thành cập nhật dữ liệu realtime
2025-05-22 10:39:09,402 - __main__ - INFO - Bắt đầu cập nhật dữ liệu realtime
2025-05-22 10:39:17,023 - __main__ - INFO - Hoàn thành cập nhật dữ liệu realtime
2025-05-22 10:40:17,433 - __main__ - INFO - Bắt đầu cập nhật dữ liệu realtime
2025-05-22 10:40:24,786 - __main__ - INFO - Hoàn thành cập nhật dữ liệu realtime
2025-05-22 10:40:28,816 - __main__ - INFO - Bắt đầu phát hiện bất thường
2025-05-22 10:41:40,641 - __main__ - INFO - Hoàn thành phát hiện bất thường
2025-05-22 10:41:41,645 - __main__ - INFO - Bắt đầu cập nhật dữ liệu realtime
2025-05-22 10:41:49,264 - __main__ - INFO - Hoàn thành cập nhật dữ liệu realtime
2025-05-22 10:42:49,781 - __main__ - INFO - Bắt đầu cập nhật dữ liệu realtime
2025-05-22 10:42:57,151 - __main__ - INFO - Hoàn thành cập nhật dữ liệu realtime
2025-05-22 10:43:57,610 - __main__ - INFO - Bắt đầu cập nhật dữ liệu realtime
2025-05-22 10:44:04,909 - __main__ - INFO - Hoàn thành cập nhật dữ liệu realtime
2025-05-22 10:45:05,370 - __main__ - INFO - Bắt đầu cập nhật dữ liệu realtime
2025-05-22 10:45:12,738 - __main__ - INFO - Hoàn thành cập nhật dữ liệu realtime
2025-05-22 10:46:13,202 - __main__ - INFO - Bắt đầu cập nhật dữ liệu realtime
2025-05-22 10:46:20,674 - __main__ - INFO - Hoàn thành cập nhật dữ liệu realtime
2025-05-22 10:47:21,139 - __main__ - INFO - Bắt đầu cập nhật dữ liệu realtime
2025-05-22 10:47:28,972 - __main__ - INFO - Hoàn thành cập nhật dữ liệu realtime
2025-05-22 10:48:29,448 - __main__ - INFO - Bắt đầu cập nhật dữ liệu realtime
2025-05-22 10:48:37,264 - __main__ - INFO - Hoàn thành cập nhật dữ liệu realtime
2025-05-22 10:49:37,722 - __main__ - INFO - Bắt đầu cập nhật dữ liệu realtime
2025-05-22 10:49:45,394 - __main__ - INFO - Hoàn thành cập nhật dữ liệu realtime
2025-05-22 10:50:45,868 - __main__ - INFO - Bắt đầu cập nhật dữ liệu realtime
2025-05-22 10:50:53,360 - __main__ - INFO - Hoàn thành cập nhật dữ liệu realtime
2025-05-22 10:51:53,831 - __main__ - INFO - Bắt đầu cập nhật dữ liệu realtime
2025-05-22 10:52:02,245 - __main__ - INFO - Hoàn thành cập nhật dữ liệu realtime
2025-05-22 10:53:02,617 - __main__ - INFO - Bắt đầu cập nhật dữ liệu realtime
2025-05-22 10:53:09,968 - __main__ - INFO - Hoàn thành cập nhật dữ liệu realtime
2025-05-22 10:54:10,401 - __main__ - INFO - Bắt đầu cập nhật dữ liệu realtime
2025-05-22 10:54:17,730 - __main__ - INFO - Hoàn thành cập nhật dữ liệu realtime
2025-05-22 10:55:18,142 - __main__ - INFO - Bắt đầu cập nhật dữ liệu realtime
2025-05-22 10:55:25,619 - __main__ - INFO - Hoàn thành cập nhật dữ liệu realtime
2025-05-22 10:56:26,085 - __main__ - INFO - Bắt đầu cập nhật dữ liệu realtime
2025-05-22 10:56:33,293 - __main__ - INFO - Hoàn thành cập nhật dữ liệu realtime
2025-05-22 10:56:41,366 - __main__ - INFO - Bắt đầu phát hiện bất thường
2025-05-22 10:57:53,927 - __main__ - INFO - Hoàn thành phát hiện bất thường
2025-05-22 10:57:54,935 - __main__ - INFO - Bắt đầu cập nhật dữ liệu realtime
2025-05-22 10:58:02,795 - __main__ - INFO - Hoàn thành cập nhật dữ liệu realtime
2025-05-22 10:59:03,244 - __main__ - INFO - Bắt đầu cập nhật dữ liệu realtime
2025-05-22 10:59:10,689 - __main__ - INFO - Hoàn thành cập nhật dữ liệu realtime
2025-05-22 10:59:11,700 - __main__ - INFO - Bắt đầu tạo báo cáo và biểu đồ
2025-05-22 10:59:20,063 - __main__ - INFO - Hoàn thành tạo báo cáo và biểu đồ
2025-05-22 10:59:20,063 - __main__ - INFO - Bắt đầu đẩy dữ liệu lên GitHub
2025-05-22 10:59:30,063 - __main__ - INFO - Đã đẩy dữ liệu lên GitHub thành công lúc 2025-05-22 10:59:20
2025-05-22 11:00:11,368 - __main__ - INFO - Bắt đầu cập nhật dữ liệu realtime
2025-05-22 11:00:18,761 - __main__ - INFO - Hoàn thành cập nhật dữ liệu realtime
2025-05-22 11:01:19,227 - __main__ - INFO - Bắt đầu cập nhật dữ liệu realtime
2025-05-22 11:01:28,917 - __main__ - INFO - Hoàn thành cập nhật dữ liệu realtime
2025-05-22 11:02:29,351 - __main__ - INFO - Bắt đầu cập nhật dữ liệu realtime
2025-05-22 11:02:38,673 - __main__ - INFO - Hoàn thành cập nhật dữ liệu realtime
2025-05-22 11:03:39,076 - __main__ - INFO - Bắt đầu cập nhật dữ liệu realtime
2025-05-22 11:03:46,861 - __main__ - INFO - Hoàn thành cập nhật dữ liệu realtime
2025-05-22 11:04:47,286 - __main__ - INFO - Bắt đầu cập nhật dữ liệu realtime
2025-05-22 11:04:55,541 - __main__ - INFO - Hoàn thành cập nhật dữ liệu realtime
2025-05-22 11:05:56,011 - __main__ - INFO - Bắt đầu cập nhật dữ liệu realtime
2025-05-22 11:06:03,530 - __main__ - INFO - Hoàn thành cập nhật dữ liệu realtime
2025-05-22 11:07:04,063 - __main__ - INFO - Bắt đầu cập nhật dữ liệu realtime
2025-05-22 11:07:12,502 - __main__ - INFO - Hoàn thành cập nhật dữ liệu realtime
2025-05-22 11:08:13,015 - __main__ - INFO - Bắt đầu cập nhật dữ liệu realtime
2025-05-22 11:08:20,448 - __main__ - INFO - Hoàn thành cập nhật dữ liệu realtime
2025-05-22 11:09:20,872 - __main__ - INFO - Bắt đầu cập nhật dữ liệu realtime
2025-05-22 11:09:28,347 - __main__ - INFO - Hoàn thành cập nhật dữ liệu realtime
2025-05-22 11:10:28,789 - __main__ - INFO - Bắt đầu cập nhật dữ liệu realtime
2025-05-22 11:10:36,542 - __main__ - INFO - Hoàn thành cập nhật dữ liệu realtime
2025-05-22 11:11:37,004 - __main__ - INFO - Bắt đầu cập nhật dữ liệu realtime
2025-05-22 11:11:45,454 - __main__ - INFO - Hoàn thành cập nhật dữ liệu realtime
2025-05-22 11:12:45,888 - __main__ - INFO - Bắt đầu cập nhật dữ liệu realtime
2025-05-22 11:12:53,595 - __main__ - INFO - Hoàn thành cập nhật dữ liệu realtime
2025-05-22 11:12:54,609 - __main__ - INFO - Bắt đầu phát hiện bất thường
2025-05-22 11:14:06,332 - __main__ - INFO - Hoàn thành phát hiện bất thường
2025-05-22 11:14:07,345 - __main__ - INFO - Bắt đầu cập nhật dữ liệu realtime
2025-05-22 11:14:15,165 - __main__ - INFO - Hoàn thành cập nhật dữ liệu realtime
2025-05-22 11:15:15,613 - __main__ - INFO - Bắt đầu cập nhật dữ liệu realtime
2025-05-22 11:15:23,268 - __main__ - INFO - Hoàn thành cập nhật dữ liệu realtime
2025-05-22 11:16:23,760 - __main__ - INFO - Bắt đầu cập nhật dữ liệu realtime
2025-05-22 11:16:30,981 - __main__ - INFO - Hoàn thành cập nhật dữ liệu realtime
2025-05-22 11:17:31,413 - __main__ - INFO - Bắt đầu cập nhật dữ liệu realtime
2025-05-22 11:17:39,211 - __main__ - INFO - Hoàn thành cập nhật dữ liệu realtime
2025-05-22 11:18:39,638 - __main__ - INFO - Bắt đầu cập nhật dữ liệu realtime
2025-05-22 11:18:46,903 - __main__ - INFO - Hoàn thành cập nhật dữ liệu realtime
2025-05-22 11:19:47,347 - __main__ - INFO - Bắt đầu cập nhật dữ liệu realtime
2025-05-22 11:19:55,161 - __main__ - INFO - Hoàn thành cập nhật dữ liệu realtime
2025-05-22 11:20:55,702 - __main__ - INFO - Bắt đầu cập nhật dữ liệu realtime
2025-05-22 11:21:03,756 - __main__ - INFO - Hoàn thành cập nhật dữ liệu realtime
2025-05-22 11:22:04,260 - __main__ - INFO - Bắt đầu cập nhật dữ liệu realtime
2025-05-22 11:22:11,749 - __main__ - INFO - Hoàn thành cập nhật dữ liệu realtime
2025-05-22 11:23:12,225 - __main__ - INFO - Bắt đầu cập nhật dữ liệu realtime
2025-05-22 11:23:19,878 - __main__ - INFO - Hoàn thành cập nhật dữ liệu realtime
2025-05-22 11:24:20,346 - __main__ - INFO - Bắt đầu cập nhật dữ liệu realtime
2025-05-22 11:24:27,700 - __main__ - INFO - Hoàn thành cập nhật dữ liệu realtime
2025-05-22 11:25:28,148 - __main__ - INFO - Bắt đầu cập nhật dữ liệu realtime
2025-05-22 11:25:35,768 - __main__ - INFO - Hoàn thành cập nhật dữ liệu realtime
2025-05-22 11:26:36,224 - __main__ - INFO - Bắt đầu cập nhật dữ liệu realtime
2025-05-22 11:26:43,907 - __main__ - INFO - Hoàn thành cập nhật dữ liệu realtime
2025-05-22 11:27:44,414 - __main__ - INFO - Bắt đầu cập nhật dữ liệu realtime
2025-05-22 11:27:51,833 - __main__ - INFO - Hoàn thành cập nhật dữ liệu realtime
2025-05-22 11:28:52,343 - __main__ - INFO - Bắt đầu cập nhật dữ liệu realtime
2025-05-22 11:29:00,688 - __main__ - INFO - Hoàn thành cập nhật dữ liệu realtime
2025-05-22 11:29:06,721 - __main__ - INFO - Bắt đầu phát hiện bất thường
2025-05-22 11:32:40,761 - __main__ - INFO - Hoàn thành phát hiện bất thường
2025-05-22 11:32:41,775 - __main__ - INFO - Bắt đầu cập nhật dữ liệu realtime
2025-05-22 11:32:49,582 - __main__ - INFO - Hoàn thành cập nhật dữ liệu realtime
2025-05-22 11:33:50,061 - __main__ - INFO - Bắt đầu cập nhật dữ liệu realtime
2025-05-22 11:33:57,679 - __main__ - INFO - Hoàn thành cập nhật dữ liệu realtime
2025-05-22 11:34:58,163 - __main__ - INFO - Bắt đầu cập nhật dữ liệu realtime
2025-05-22 11:35:05,786 - __main__ - INFO - Hoàn thành cập nhật dữ liệu realtime
2025-05-22 11:36:06,290 - __main__ - INFO - Bắt đầu cập nhật dữ liệu realtime
2025-05-22 11:36:13,977 - __main__ - INFO - Hoàn thành cập nhật dữ liệu realtime
2025-05-22 11:37:06,371 - __main__ - INFO - Bắt đầu khởi tạo hệ thống
2025-05-22 11:37:06,378 - __main__ - INFO - Hoàn thành khởi tạo hệ thống
2025-05-22 11:37:06,378 - __main__ - INFO - Bắt đầu thu thập dữ liệu lịch sử
2025-05-22 11:40:57,165 - __main__ - INFO - Hoàn thành thu thập dữ liệu lịch sử
2025-05-22 11:40:57,167 - __main__ - INFO - Thiết lập lịch trình các tác vụ
2025-05-22 11:40:57,168 - __main__ - INFO - Đã thiết lập lịch trình các tác vụ
2025-05-22 11:40:57,168 - __main__ - INFO - Bắt đầu chạy các tác vụ theo lịch
2025-05-22 11:41:57,567 - __main__ - INFO - Bắt đầu cập nhật dữ liệu realtime
2025-05-22 11:42:05,821 - __main__ - INFO - Hoàn thành cập nhật dữ liệu realtime
2025-05-22 11:43:06,340 - __main__ - INFO - Bắt đầu cập nhật dữ liệu realtime
2025-05-22 11:43:13,932 - __main__ - INFO - Hoàn thành cập nhật dữ liệu realtime
2025-05-22 11:44:14,452 - __main__ - INFO - Bắt đầu cập nhật dữ liệu realtime
2025-05-22 11:44:22,116 - __main__ - INFO - Hoàn thành cập nhật dữ liệu realtime
