2025-05-21 20:57:23,025 - data_analyzer.metrics - INFO - Khởi tạo MarketMetrics
2025-05-21 20:57:23,065 - data_analyzer.metrics - INFO - Đã tính toán metrics cho Volume
2025-05-21 20:57:23,069 - data_analyzer.metrics - INFO - Đã phát hiện 44 outliers cho cột volume
2025-05-21 20:57:23,096 - data_analyzer.metrics - INFO - Đã tính toán metrics cho Open Interest
2025-05-21 20:57:23,100 - data_analyzer.metrics - INFO - Đã phát hiện 34 outliers cho cột open_interest
2025-05-21 20:57:23,146 - data_analyzer.metrics - INFO - Đã tính toán tương quan: Pearson=-0.4521, Spearman=-0.4167
2025-05-21 20:57:23,170 - data_analyzer.metrics - INFO - Đã tính toán metrics cho Volume
2025-05-21 20:57:23,174 - data_analyzer.metrics - INFO - Đã phát hiện 40 outliers cho cột volume
2025-05-21 20:57:23,198 - data_analyzer.metrics - INFO - Đã tính toán metrics cho Open Interest
2025-05-21 20:57:23,202 - data_analyzer.metrics - INFO - Đã phát hiện 8 outliers cho cột open_interest
2025-05-21 20:57:23,245 - data_analyzer.metrics - INFO - Đã tính toán tương quan: Pearson=0.4094, Spearman=0.3725
2025-05-21 20:57:23,269 - data_analyzer.metrics - INFO - Đã tính toán metrics cho Volume
2025-05-21 20:57:23,273 - data_analyzer.metrics - INFO - Đã phát hiện 35 outliers cho cột volume
2025-05-21 20:57:23,297 - data_analyzer.metrics - INFO - Đã tính toán metrics cho Open Interest
2025-05-21 20:57:23,301 - data_analyzer.metrics - INFO - Đã phát hiện 28 outliers cho cột open_interest
2025-05-21 20:57:23,347 - data_analyzer.metrics - INFO - Đã tính toán tương quan: Pearson=0.7384, Spearman=0.7544
2025-05-21 20:57:23,380 - data_analyzer.metrics - INFO - Đã tính toán metrics cho Volume
2025-05-21 20:57:23,384 - data_analyzer.metrics - INFO - Đã phát hiện 50 outliers cho cột volume
2025-05-21 20:57:23,410 - data_analyzer.metrics - INFO - Đã tính toán metrics cho Open Interest
2025-05-21 20:57:23,414 - data_analyzer.metrics - INFO - Đã phát hiện 18 outliers cho cột open_interest
2025-05-21 20:57:23,458 - data_analyzer.metrics - INFO - Đã tính toán tương quan: Pearson=0.0791, Spearman=0.2293
2025-05-21 20:57:23,483 - data_analyzer.metrics - INFO - Đã tính toán metrics cho Volume
2025-05-21 20:57:23,486 - data_analyzer.metrics - INFO - Đã phát hiện 38 outliers cho cột volume
2025-05-21 20:57:23,511 - data_analyzer.metrics - INFO - Đã tính toán metrics cho Open Interest
2025-05-21 20:57:23,515 - data_analyzer.metrics - INFO - Đã phát hiện 40 outliers cho cột open_interest
2025-05-21 20:57:23,562 - data_analyzer.metrics - INFO - Đã tính toán tương quan: Pearson=0.7791, Spearman=0.7919
