2025-05-22 15:06:27,666 - visualization.report_generator - INFO - Khởi tạo ReportGenerator
2025-05-22 15:06:27,692 - visualization.report_generator - INFO - Đã tạo báo cáo cho BTCUSDT: Price 3.79%, OI -0.44%, Volume -97.24%
2025-05-22 15:06:27,710 - visualization.report_generator - INFO - Đã tạo báo cáo cho ETHUSDT: Price 2.18%, OI 0.72%, Volume -97.63%
2025-05-22 15:06:27,728 - visualization.report_generator - INFO - Đã tạo báo cáo cho BNBUSDT: Price 4.02%, OI -0.98%, Volume -90.63%
2025-05-22 15:06:27,745 - visualization.report_generator - INFO - Đã tạo báo cáo cho SOLUSDT: Price 4.20%, OI 2.95%, Volume -95.57%
2025-05-22 15:06:27,761 - visualization.report_generator - INFO - Đã tạo báo cáo cho DOGEUSDT: Price 5.21%, OI 0.83%, Volume -97.99%
2025-05-22 15:06:28,018 - visualization.report_generator - INFO - Đã tạo báo cáo tổng hợp hàng ngày và dữ liệu cho GitHub Pages
2025-05-22 16:06:49,085 - visualization.report_generator - INFO - Khởi tạo ReportGenerator
2025-05-22 16:06:49,108 - visualization.report_generator - INFO - Đã tạo báo cáo cho BTCUSDT: Price 3.79%, OI -0.53%, Volume -97.24%
2025-05-22 16:06:49,126 - visualization.report_generator - INFO - Đã tạo báo cáo cho ETHUSDT: Price 2.18%, OI 2.33%, Volume -97.63%
2025-05-22 16:06:49,144 - visualization.report_generator - INFO - Đã tạo báo cáo cho BNBUSDT: Price 4.02%, OI -0.22%, Volume -90.63%
2025-05-22 16:06:49,160 - visualization.report_generator - INFO - Đã tạo báo cáo cho SOLUSDT: Price 4.20%, OI 2.20%, Volume -95.57%
2025-05-22 16:06:49,176 - visualization.report_generator - INFO - Đã tạo báo cáo cho DOGEUSDT: Price 5.21%, OI 0.26%, Volume -97.99%
2025-05-22 16:06:49,434 - visualization.report_generator - INFO - Đã tạo báo cáo tổng hợp hàng ngày và dữ liệu cho GitHub Pages
2025-05-22 17:07:09,428 - visualization.report_generator - INFO - Khởi tạo ReportGenerator
2025-05-22 17:07:09,455 - visualization.report_generator - INFO - Đã tạo báo cáo cho BTCUSDT: Price 3.79%, OI -0.34%, Volume -97.24%
2025-05-22 17:07:09,476 - visualization.report_generator - INFO - Đã tạo báo cáo cho ETHUSDT: Price 2.18%, OI -0.05%, Volume -97.63%
2025-05-22 17:07:09,494 - visualization.report_generator - INFO - Đã tạo báo cáo cho BNBUSDT: Price 4.02%, OI -0.05%, Volume -90.63%
2025-05-22 17:07:09,509 - visualization.report_generator - INFO - Đã tạo báo cáo cho SOLUSDT: Price 4.20%, OI -0.55%, Volume -95.57%
2025-05-22 17:07:09,523 - visualization.report_generator - INFO - Đã tạo báo cáo cho DOGEUSDT: Price 5.21%, OI -0.21%, Volume -97.99%
2025-05-22 17:07:09,740 - visualization.report_generator - INFO - Đã tạo báo cáo tổng hợp hàng ngày và dữ liệu cho GitHub Pages
2025-05-22 18:07:29,107 - visualization.report_generator - INFO - Khởi tạo ReportGenerator
2025-05-22 18:07:29,132 - visualization.report_generator - INFO - Đã tạo báo cáo cho BTCUSDT: Price 3.79%, OI 0.36%, Volume -97.24%
2025-05-22 18:07:29,147 - visualization.report_generator - INFO - Đã tạo báo cáo cho ETHUSDT: Price 2.18%, OI 0.32%, Volume -97.63%
2025-05-22 18:07:29,163 - visualization.report_generator - INFO - Đã tạo báo cáo cho BNBUSDT: Price 4.02%, OI 0.11%, Volume -90.63%
2025-05-22 18:07:29,174 - visualization.report_generator - INFO - Đã tạo báo cáo cho SOLUSDT: Price 4.20%, OI 0.03%, Volume -95.57%
2025-05-22 18:07:29,190 - visualization.report_generator - INFO - Đã tạo báo cáo cho DOGEUSDT: Price 5.21%, OI 0.26%, Volume -97.99%
2025-05-22 18:07:29,416 - visualization.report_generator - INFO - Đã tạo báo cáo tổng hợp hàng ngày và dữ liệu cho GitHub Pages
2025-05-22 19:07:49,758 - visualization.report_generator - INFO - Khởi tạo ReportGenerator
2025-05-22 19:07:49,773 - visualization.report_generator - INFO - Đã tạo báo cáo cho BTCUSDT: Price 3.79%, OI 0.54%, Volume -97.24%
2025-05-22 19:07:49,789 - visualization.report_generator - INFO - Đã tạo báo cáo cho ETHUSDT: Price 2.18%, OI 0.57%, Volume -97.63%
2025-05-22 19:07:49,803 - visualization.report_generator - INFO - Đã tạo báo cáo cho BNBUSDT: Price 4.02%, OI 0.25%, Volume -90.63%
2025-05-22 19:07:49,816 - visualization.report_generator - INFO - Đã tạo báo cáo cho SOLUSDT: Price 4.20%, OI 0.06%, Volume -95.57%
2025-05-22 19:07:49,831 - visualization.report_generator - INFO - Đã tạo báo cáo cho DOGEUSDT: Price 5.21%, OI -0.10%, Volume -97.99%
2025-05-22 19:07:50,058 - visualization.report_generator - INFO - Đã tạo báo cáo tổng hợp hàng ngày và dữ liệu cho GitHub Pages
